{"/Users/bandisa/dev/Pronto/amplify/backend/function/prontoAuthPostConfirmation/src/add-to-group.js": {"path":"/Users/bandisa/dev/Pronto/amplify/backend/function/prontoAuthPostConfirmation/src/add-to-group.js","statementMap":{"0":{"start":{"line":6,"column":4},"end":{"line":6,"column":56}},"1":{"start":{"line":7,"column":14},"end":{"line":7,"column":32}},"2":{"start":{"line":9,"column":15},"end":{"line":11,"column":1}},"3":{"start":{"line":13,"column":45},"end":{"line":15,"column":1}},"4":{"start":{"line":17,"column":0},"end":{"line":17,"column":22}},"5":{"start":{"line":18,"column":0},"end":{"line":18,"column":52}},"6":{"start":{"line":22,"column":0},"end":{"line":89,"column":2}},"7":{"start":{"line":23,"column":2},"end":{"line":23,"column":63}},"8":{"start":{"line":24,"column":2},"end":{"line":28,"column":62}},"9":{"start":{"line":28,"column":4},"end":{"line":28,"column":62}},"10":{"start":{"line":29,"column":2},"end":{"line":29,"column":79}},"11":{"start":{"line":29,"column":37},"end":{"line":29,"column":79}},"12":{"start":{"line":32,"column":2},"end":{"line":54,"column":3}},"13":{"start":{"line":34,"column":6},"end":{"line":37,"column":10}},"14":{"start":{"line":35,"column":8},"end":{"line":37,"column":10}},"15":{"start":{"line":38,"column":6},"end":{"line":38,"column":49}},"16":{"start":{"line":39,"column":6},"end":{"line":39,"column":12}},"17":{"start":{"line":41,"column":6},"end":{"line":44,"column":10}},"18":{"start":{"line":42,"column":8},"end":{"line":44,"column":10}},"19":{"start":{"line":45,"column":6},"end":{"line":48,"column":41}},"20":{"start":{"line":49,"column":6},"end":{"line":49,"column":12}},"21":{"start":{"line":51,"column":6},"end":{"line":53,"column":8}},"22":{"start":{"line":56,"column":22},"end":{"line":59,"column":3}},"23":{"start":{"line":60,"column":24},"end":{"line":64,"column":3}},"24":{"start":{"line":65,"column":2},"end":{"line":65,"column":29}},"25":{"start":{"line":66,"column":2},"end":{"line":66,"column":31}},"26":{"start":{"line":67,"column":2},"end":{"line":76,"column":3}},"27":{"start":{"line":68,"column":4},"end":{"line":70,"column":6}},"28":{"start":{"line":72,"column":4},"end":{"line":72,"column":33}},"29":{"start":{"line":73,"column":4},"end":{"line":75,"column":6}},"30":{"start":{"line":77,"column":2},"end":{"line":86,"column":3}},"31":{"start":{"line":78,"column":4},"end":{"line":80,"column":6}},"32":{"start":{"line":82,"column":4},"end":{"line":82,"column":44}},"33":{"start":{"line":83,"column":4},"end":{"line":85,"column":6}},"34":{"start":{"line":88,"column":2},"end":{"line":88,"column":15}}},"fnMap":{"0":{"name":"(anonymous_0)","decl":{"start":{"line":22,"column":18},"end":{"line":22,"column":19}},"loc":{"start":{"line":22,"column":35},"end":{"line":89,"column":1}},"line":22}},"branchMap":{"0":{"loc":{"start":{"line":24,"column":2},"end":{"line":28,"column":62}},"type":"if","locations":[{"start":{"line":24,"column":2},"end":{"line":28,"column":62}},{"start":{},"end":{}}],"line":24},"1":{"loc":{"start":{"line":25,"column":4},"end":{"line":26,"column":69}},"type":"binary-expr","locations":[{"start":{"line":25,"column":4},"end":{"line":25,"column":38}},{"start":{"line":26,"column":4},"end":{"line":26,"column":69}}],"line":25},"2":{"loc":{"start":{"line":29,"column":2},"end":{"line":29,"column":79}},"type":"if","locations":[{"start":{"line":29,"column":2},"end":{"line":29,"column":79}},{"start":{},"end":{}}],"line":29},"3":{"loc":{"start":{"line":32,"column":2},"end":{"line":54,"column":3}},"type":"switch","locations":[{"start":{"line":33,"column":4},"end":{"line":39,"column":12}},{"start":{"line":40,"column":4},"end":{"line":49,"column":12}},{"start":{"line":50,"column":4},"end":{"line":53,"column":8}}],"line":32},"4":{"loc":{"start":{"line":34,"column":6},"end":{"line":37,"column":10}},"type":"if","locations":[{"start":{"line":34,"column":6},"end":{"line":37,"column":10}},{"start":{},"end":{}}],"line":34},"5":{"loc":{"start":{"line":41,"column":6},"end":{"line":44,"column":10}},"type":"if","locations":[{"start":{"line":41,"column":6},"end":{"line":44,"column":10}},{"start":{},"end":{}}],"line":41},"6":{"loc":{"start":{"line":46,"column":8},"end":{"line":48,"column":40}},"type":"cond-expr","locations":[{"start":{"line":47,"column":12},"end":{"line":47,"column":43}},{"start":{"line":48,"column":12},"end":{"line":48,"column":40}}],"line":46}},"s":{"0":2,"1":2,"2":2,"3":2,"4":2,"5":2,"6":2,"7":12,"8":12,"9":3,"10":9,"11":1,"12":8,"13":3,"14":1,"15":2,"16":2,"17":4,"18":1,"19":3,"20":3,"21":1,"22":5,"23":5,"24":5,"25":5,"26":5,"27":5,"28":5,"29":5,"30":0,"31":0,"32":0,"33":0,"34":0},"f":{"0":12},"b":{"0":[3,9],"1":[12,11],"2":[1,8],"3":[3,4,1],"4":[1,2],"5":[1,3],"6":[2,1]},"_coverageSchema":"1a1c01bbd47fc00a2c39e90264f33305004495a9","hash":"6564c813c151153882591e7830d4f9752d284296"}
,"/Users/bandisa/dev/Pronto/amplify/backend/function/prontoAuthPostConfirmation/src/index.js": {"path":"/Users/bandisa/dev/Pronto/amplify/backend/function/prontoAuthPostConfirmation/src/index.js","statementMap":{"0":{"start":{"line":12,"column":20},"end":{"line":12,"column":50}},"1":{"start":{"line":16,"column":16},"end":{"line":16,"column":63}},"2":{"start":{"line":16,"column":42},"end":{"line":16,"column":62}},"3":{"start":{"line":25,"column":0},"end":{"line":33,"column":2}},"4":{"start":{"line":31,"column":2},"end":{"line":31,"column":77}},"5":{"start":{"line":31,"column":44},"end":{"line":31,"column":74}},"6":{"start":{"line":32,"column":2},"end":{"line":32,"column":15}}},"fnMap":{"0":{"name":"(anonymous_0)","decl":{"start":{"line":16,"column":32},"end":{"line":16,"column":33}},"loc":{"start":{"line":16,"column":42},"end":{"line":16,"column":62}},"line":16},"1":{"name":"(anonymous_1)","decl":{"start":{"line":25,"column":18},"end":{"line":25,"column":19}},"loc":{"start":{"line":25,"column":44},"end":{"line":33,"column":1}},"line":25},"2":{"name":"(anonymous_2)","decl":{"start":{"line":31,"column":32},"end":{"line":31,"column":33}},"loc":{"start":{"line":31,"column":44},"end":{"line":31,"column":74}},"line":31}},"branchMap":{},"s":{"0":1,"1":1,"2":1,"3":1,"4":1,"5":1,"6":0},"f":{"0":1,"1":1,"2":1},"b":{},"_coverageSchema":"1a1c01bbd47fc00a2c39e90264f33305004495a9","hash":"b71bdf8d1267026362ae05f8e62f684e334baf3b"}
,"/Users/bandisa/dev/Pronto/amplify/backend/function/prontoAuthPostConfirmation/src/roles.js": {"path":"/Users/bandisa/dev/Pronto/amplify/backend/function/prontoAuthPostConfirmation/src/roles.js","statementMap":{"0":{"start":{"line":1,"column":14},"end":{"line":5,"column":1}},"1":{"start":{"line":6,"column":0},"end":{"line":6,"column":23}}},"fnMap":{},"branchMap":{},"s":{"0":2,"1":2},"f":{},"b":{},"_coverageSchema":"1a1c01bbd47fc00a2c39e90264f33305004495a9","hash":"bb627bcd51d57c323963db6b9ee35101a74491e2"}
,"/Users/bandisa/dev/Pronto/amplify/backend/function/prontoAuthPreAuthentication/src/index.js": {"path":"/Users/bandisa/dev/Pronto/amplify/backend/function/prontoAuthPreAuthentication/src/index.js","statementMap":{"0":{"start":{"line":9,"column":14},"end":{"line":9,"column":35}},"1":{"start":{"line":12,"column":4},"end":{"line":12,"column":46}},"2":{"start":{"line":13,"column":25},"end":{"line":13,"column":62}},"3":{"start":{"line":18,"column":0},"end":{"line":54,"column":2}},"4":{"start":{"line":19,"column":2},"end":{"line":19,"column":23}},"5":{"start":{"line":20,"column":2},"end":{"line":24,"column":62}},"6":{"start":{"line":24,"column":4},"end":{"line":24,"column":62}},"7":{"start":{"line":25,"column":2},"end":{"line":34,"column":6}},"8":{"start":{"line":31,"column":4},"end":{"line":34,"column":6}},"9":{"start":{"line":35,"column":2},"end":{"line":52,"column":3}},"10":{"start":{"line":36,"column":4},"end":{"line":48,"column":68}},"11":{"start":{"line":44,"column":6},"end":{"line":48,"column":68}},"12":{"start":{"line":50,"column":4},"end":{"line":50,"column":32}},"13":{"start":{"line":51,"column":4},"end":{"line":51,"column":34}},"14":{"start":{"line":53,"column":2},"end":{"line":53,"column":15}}},"fnMap":{"0":{"name":"(anonymous_0)","decl":{"start":{"line":18,"column":18},"end":{"line":18,"column":19}},"loc":{"start":{"line":18,"column":44},"end":{"line":54,"column":1}},"line":18}},"branchMap":{"0":{"loc":{"start":{"line":20,"column":2},"end":{"line":24,"column":62}},"type":"if","locations":[{"start":{"line":20,"column":2},"end":{"line":24,"column":62}},{"start":{},"end":{}}],"line":20},"1":{"loc":{"start":{"line":21,"column":4},"end":{"line":22,"column":69}},"type":"binary-expr","locations":[{"start":{"line":21,"column":4},"end":{"line":21,"column":38}},{"start":{"line":22,"column":4},"end":{"line":22,"column":69}}],"line":21},"2":{"loc":{"start":{"line":25,"column":2},"end":{"line":34,"column":6}},"type":"if","locations":[{"start":{"line":25,"column":2},"end":{"line":34,"column":6}},{"start":{},"end":{}}],"line":25},"3":{"loc":{"start":{"line":36,"column":4},"end":{"line":48,"column":68}},"type":"if","locations":[{"start":{"line":36,"column":4},"end":{"line":48,"column":68}},{"start":{},"end":{}}],"line":36},"4":{"loc":{"start":{"line":37,"column":6},"end":{"line":42,"column":72}},"type":"binary-expr","locations":[{"start":{"line":37,"column":6},"end":{"line":41,"column":8}},{"start":{"line":42,"column":6},"end":{"line":42,"column":72}}],"line":37}},"s":{"0":1,"1":1,"2":1,"3":1,"4":2,"5":2,"6":1,"7":1,"8":1,"9":0,"10":0,"11":0,"12":0,"13":0,"14":0},"f":{"0":2},"b":{"0":[1,1],"1":[2,1],"2":[1,0],"3":[0,0],"4":[0,0]},"_coverageSchema":"1a1c01bbd47fc00a2c39e90264f33305004495a9","hash":"0269911a7c54cf605a257ba736e8dfee2bd65b5f"}
,"/Users/bandisa/dev/Pronto/amplify/backend/function/prontoAuthPreAuthentication/src/roles.js": {"path":"/Users/bandisa/dev/Pronto/amplify/backend/function/prontoAuthPreAuthentication/src/roles.js","statementMap":{"0":{"start":{"line":1,"column":14},"end":{"line":5,"column":2}},"1":{"start":{"line":6,"column":0},"end":{"line":6,"column":23}}},"fnMap":{},"branchMap":{},"s":{"0":2,"1":2},"f":{},"b":{},"_coverageSchema":"1a1c01bbd47fc00a2c39e90264f33305004495a9","hash":"37680b07dd0a138963a8824aea5393ea0a4d7b2c"}
,"/Users/bandisa/dev/Pronto/amplify/backend/function/prontoAuthPreAuthentication/src/helpers/assertInstitutionInfo.js": {"path":"/Users/bandisa/dev/Pronto/amplify/backend/function/prontoAuthPreAuthentication/src/helpers/assertInstitutionInfo.js","statementMap":{"0":{"start":{"line":1,"column":14},"end":{"line":1,"column":33}},"1":{"start":{"line":2,"column":25},"end":{"line":2,"column":65}},"2":{"start":{"line":3,"column":24},"end":{"line":3,"column":66}},"3":{"start":{"line":4,"column":18},"end":{"line":7,"column":1}},"4":{"start":{"line":9,"column":36},"end":{"line":54,"column":1}},"5":{"start":{"line":10,"column":2},"end":{"line":11,"column":80}},"6":{"start":{"line":11,"column":4},"end":{"line":11,"column":80}},"7":{"start":{"line":12,"column":2},"end":{"line":13,"column":31}},"8":{"start":{"line":13,"column":4},"end":{"line":13,"column":31}},"9":{"start":{"line":14,"column":2},"end":{"line":14,"column":33}},"10":{"start":{"line":15,"column":30},"end":{"line":27,"column":3}},"11":{"start":{"line":28,"column":20},"end":{"line":30,"column":3}},"12":{"start":{"line":31,"column":18},"end":{"line":38,"column":3}},"13":{"start":{"line":40,"column":18},"end":{"line":40,"column":56}},"14":{"start":{"line":44,"column":2},"end":{"line":53,"column":3}},"15":{"start":{"line":45,"column":4},"end":{"line":45,"column":36}},"16":{"start":{"line":46,"column":4},"end":{"line":46,"column":33}},"17":{"start":{"line":47,"column":4},"end":{"line":47,"column":62}},"18":{"start":{"line":48,"column":4},"end":{"line":48,"column":75}},"19":{"start":{"line":48,"column":19},"end":{"line":48,"column":75}},"20":{"start":{"line":49,"column":4},"end":{"line":49,"column":58}},"21":{"start":{"line":51,"column":4},"end":{"line":51,"column":52}},"22":{"start":{"line":52,"column":4},"end":{"line":52,"column":63}},"23":{"start":{"line":56,"column":35},"end":{"line":84,"column":1}},"24":{"start":{"line":57,"column":2},"end":{"line":58,"column":55}},"25":{"start":{"line":58,"column":4},"end":{"line":58,"column":55}},"26":{"start":{"line":59,"column":2},"end":{"line":83,"column":3}},"27":{"start":{"line":60,"column":30},"end":{"line":60,"column":78}},"28":{"start":{"line":61,"column":4},"end":{"line":62,"column":64}},"29":{"start":{"line":62,"column":6},"end":{"line":62,"column":64}},"30":{"start":{"line":63,"column":4},"end":{"line":78,"column":5}},"31":{"start":{"line":65,"column":8},"end":{"line":68,"column":67}},"32":{"start":{"line":66,"column":10},"end":{"line":68,"column":67}},"33":{"start":{"line":69,"column":8},"end":{"line":69,"column":54}},"34":{"start":{"line":71,"column":8},"end":{"line":74,"column":12}},"35":{"start":{"line":72,"column":10},"end":{"line":74,"column":12}},"36":{"start":{"line":75,"column":8},"end":{"line":75,"column":64}},"37":{"start":{"line":77,"column":8},"end":{"line":77,"column":21}},"38":{"start":{"line":80,"column":4},"end":{"line":81,"column":51}},"39":{"start":{"line":82,"column":4},"end":{"line":82,"column":75}},"40":{"start":{"line":86,"column":0},"end":{"line":89,"column":2}}},"fnMap":{"0":{"name":"(anonymous_0)","decl":{"start":{"line":9,"column":36},"end":{"line":9,"column":37}},"loc":{"start":{"line":9,"column":61},"end":{"line":54,"column":1}},"line":9},"1":{"name":"(anonymous_1)","decl":{"start":{"line":56,"column":35},"end":{"line":56,"column":36}},"loc":{"start":{"line":56,"column":73},"end":{"line":84,"column":1}},"line":56}},"branchMap":{"0":{"loc":{"start":{"line":10,"column":2},"end":{"line":11,"column":80}},"type":"if","locations":[{"start":{"line":10,"column":2},"end":{"line":11,"column":80}},{"start":{},"end":{}}],"line":10},"1":{"loc":{"start":{"line":12,"column":2},"end":{"line":13,"column":31}},"type":"if","locations":[{"start":{"line":12,"column":2},"end":{"line":13,"column":31}},{"start":{},"end":{}}],"line":12},"2":{"loc":{"start":{"line":12,"column":6},"end":{"line":12,"column":60}},"type":"binary-expr","locations":[{"start":{"line":12,"column":6},"end":{"line":12,"column":25}},{"start":{"line":12,"column":29},"end":{"line":12,"column":60}}],"line":12},"3":{"loc":{"start":{"line":48,"column":4},"end":{"line":48,"column":75}},"type":"if","locations":[{"start":{"line":48,"column":4},"end":{"line":48,"column":75}},{"start":{},"end":{}}],"line":48},"4":{"loc":{"start":{"line":57,"column":2},"end":{"line":58,"column":55}},"type":"if","locations":[{"start":{"line":57,"column":2},"end":{"line":58,"column":55}},{"start":{},"end":{}}],"line":57},"5":{"loc":{"start":{"line":57,"column":6},"end":{"line":57,"column":30}},"type":"binary-expr","locations":[{"start":{"line":57,"column":6},"end":{"line":57,"column":12}},{"start":{"line":57,"column":16},"end":{"line":57,"column":30}}],"line":57},"6":{"loc":{"start":{"line":61,"column":4},"end":{"line":62,"column":64}},"type":"if","locations":[{"start":{"line":61,"column":4},"end":{"line":62,"column":64}},{"start":{},"end":{}}],"line":61},"7":{"loc":{"start":{"line":63,"column":4},"end":{"line":78,"column":5}},"type":"switch","locations":[{"start":{"line":64,"column":6},"end":{"line":69,"column":54}},{"start":{"line":70,"column":6},"end":{"line":75,"column":64}},{"start":{"line":76,"column":6},"end":{"line":77,"column":21}}],"line":63},"8":{"loc":{"start":{"line":65,"column":8},"end":{"line":68,"column":67}},"type":"if","locations":[{"start":{"line":65,"column":8},"end":{"line":68,"column":67}},{"start":{},"end":{}}],"line":65},"9":{"loc":{"start":{"line":71,"column":8},"end":{"line":74,"column":12}},"type":"if","locations":[{"start":{"line":71,"column":8},"end":{"line":74,"column":12}},{"start":{},"end":{}}],"line":71}},"s":{"0":2,"1":2,"2":2,"3":2,"4":2,"5":1,"6":0,"7":1,"8":0,"9":1,"10":1,"11":1,"12":1,"13":1,"14":1,"15":1,"16":0,"17":0,"18":0,"19":0,"20":0,"21":1,"22":1,"23":2,"24":2,"25":1,"26":1,"27":1,"28":0,"29":0,"30":0,"31":0,"32":0,"33":0,"34":0,"35":0,"36":0,"37":0,"38":1,"39":1,"40":2},"f":{"0":1,"1":2},"b":{"0":[0,1],"1":[0,1],"2":[1,0],"3":[0,0],"4":[1,1],"5":[2,1],"6":[0,0],"7":[0,0,0],"8":[0,0],"9":[0,0]},"_coverageSchema":"1a1c01bbd47fc00a2c39e90264f33305004495a9","hash":"a6e5873a37303b9e9ce3ebe9e6828adc0c6a8233"}
,"/Users/bandisa/dev/Pronto/amplify/backend/function/prontoAuthPreAuthentication/src/helpers/isAppClientValid.js": {"path":"/Users/bandisa/dev/Pronto/amplify/backend/function/prontoAuthPreAuthentication/src/helpers/isAppClientValid.js","statementMap":{"0":{"start":{"line":1,"column":14},"end":{"line":1,"column":36}},"1":{"start":{"line":3,"column":2},"end":{"line":4,"column":41}},"2":{"start":{"line":4,"column":4},"end":{"line":4,"column":41}},"3":{"start":{"line":5,"column":2},"end":{"line":12,"column":3}},"4":{"start":{"line":7,"column":6},"end":{"line":7,"column":60}},"5":{"start":{"line":9,"column":6},"end":{"line":9,"column":36}},"6":{"start":{"line":11,"column":6},"end":{"line":11,"column":62}},"7":{"start":{"line":14,"column":0},"end":{"line":14,"column":34}}},"fnMap":{"0":{"name":"isAppClientValid","decl":{"start":{"line":2,"column":9},"end":{"line":2,"column":25}},"loc":{"start":{"line":2,"column":42},"end":{"line":13,"column":1}},"line":2}},"branchMap":{"0":{"loc":{"start":{"line":3,"column":2},"end":{"line":4,"column":41}},"type":"if","locations":[{"start":{"line":3,"column":2},"end":{"line":4,"column":41}},{"start":{},"end":{}}],"line":3},"1":{"loc":{"start":{"line":5,"column":2},"end":{"line":12,"column":3}},"type":"switch","locations":[{"start":{"line":6,"column":4},"end":{"line":7,"column":60}},{"start":{"line":8,"column":4},"end":{"line":9,"column":36}},{"start":{"line":10,"column":4},"end":{"line":11,"column":62}}],"line":5},"2":{"loc":{"start":{"line":7,"column":13},"end":{"line":7,"column":59}},"type":"binary-expr","locations":[{"start":{"line":7,"column":13},"end":{"line":7,"column":35}},{"start":{"line":7,"column":39},"end":{"line":7,"column":59}}],"line":7}},"s":{"0":1,"1":1,"2":0,"3":1,"4":1,"5":0,"6":0,"7":1},"f":{"0":1},"b":{"0":[0,1],"1":[1,0,0],"2":[1,1]},"_coverageSchema":"1a1c01bbd47fc00a2c39e90264f33305004495a9","hash":"a2f10a384e36dd003e8d099ecc8f8c8ad6f9804b"}
,"/Users/bandisa/dev/Pronto/amplify/backend/function/prontoAuthPreSignup/src/assertInstitutionInfo.js": {"path":"/Users/bandisa/dev/Pronto/amplify/backend/function/prontoAuthPreSignup/src/assertInstitutionInfo.js","statementMap":{"0":{"start":{"line":2,"column":2},"end":{"line":2,"column":59}},"1":{"start":{"line":3,"column":24},"end":{"line":3,"column":66}},"2":{"start":{"line":4,"column":18},"end":{"line":7,"column":1}},"3":{"start":{"line":9,"column":36},"end":{"line":51,"column":1}},"4":{"start":{"line":10,"column":2},"end":{"line":11,"column":80}},"5":{"start":{"line":11,"column":4},"end":{"line":11,"column":80}},"6":{"start":{"line":12,"column":2},"end":{"line":13,"column":31}},"7":{"start":{"line":13,"column":4},"end":{"line":13,"column":31}},"8":{"start":{"line":14,"column":2},"end":{"line":14,"column":33}},"9":{"start":{"line":15,"column":30},"end":{"line":24,"column":3}},"10":{"start":{"line":25,"column":20},"end":{"line":27,"column":3}},"11":{"start":{"line":28,"column":18},"end":{"line":35,"column":3}},"12":{"start":{"line":37,"column":18},"end":{"line":37,"column":56}},"13":{"start":{"line":41,"column":2},"end":{"line":50,"column":3}},"14":{"start":{"line":42,"column":4},"end":{"line":42,"column":36}},"15":{"start":{"line":43,"column":4},"end":{"line":43,"column":33}},"16":{"start":{"line":44,"column":4},"end":{"line":44,"column":62}},"17":{"start":{"line":45,"column":4},"end":{"line":45,"column":75}},"18":{"start":{"line":45,"column":19},"end":{"line":45,"column":75}},"19":{"start":{"line":46,"column":4},"end":{"line":46,"column":58}},"20":{"start":{"line":48,"column":4},"end":{"line":48,"column":39}},"21":{"start":{"line":49,"column":4},"end":{"line":49,"column":63}},"22":{"start":{"line":53,"column":40},"end":{"line":61,"column":1}},"23":{"start":{"line":54,"column":2},"end":{"line":60,"column":3}},"24":{"start":{"line":55,"column":30},"end":{"line":55,"column":78}},"25":{"start":{"line":56,"column":4},"end":{"line":56,"column":44}},"26":{"start":{"line":58,"column":4},"end":{"line":58,"column":52}},"27":{"start":{"line":59,"column":4},"end":{"line":59,"column":68}},"28":{"start":{"line":63,"column":30},"end":{"line":71,"column":1}},"29":{"start":{"line":64,"column":2},"end":{"line":70,"column":3}},"30":{"start":{"line":65,"column":30},"end":{"line":65,"column":78}},"31":{"start":{"line":66,"column":4},"end":{"line":66,"column":37}},"32":{"start":{"line":68,"column":4},"end":{"line":68,"column":50}},"33":{"start":{"line":69,"column":4},"end":{"line":69,"column":69}},"34":{"start":{"line":73,"column":35},"end":{"line":80,"column":1}},"35":{"start":{"line":74,"column":2},"end":{"line":79,"column":3}},"36":{"start":{"line":75,"column":30},"end":{"line":75,"column":78}},"37":{"start":{"line":76,"column":4},"end":{"line":76,"column":37}},"38":{"start":{"line":78,"column":4},"end":{"line":78,"column":77}},"39":{"start":{"line":82,"column":40},"end":{"line":95,"column":1}},"40":{"start":{"line":83,"column":2},"end":{"line":83,"column":58}},"41":{"start":{"line":83,"column":14},"end":{"line":83,"column":58}},"42":{"start":{"line":84,"column":2},"end":{"line":94,"column":3}},"43":{"start":{"line":85,"column":22},"end":{"line":85,"column":74}},"44":{"start":{"line":86,"column":4},"end":{"line":89,"column":8}},"45":{"start":{"line":87,"column":6},"end":{"line":89,"column":8}},"46":{"start":{"line":90,"column":4},"end":{"line":90,"column":37}},"47":{"start":{"line":92,"column":4},"end":{"line":92,"column":56}},"48":{"start":{"line":93,"column":4},"end":{"line":93,"column":58}},"49":{"start":{"line":97,"column":25},"end":{"line":105,"column":1}},"50":{"start":{"line":98,"column":2},"end":{"line":104,"column":3}},"51":{"start":{"line":99,"column":20},"end":{"line":99,"column":62}},"52":{"start":{"line":100,"column":4},"end":{"line":100,"column":27}},"53":{"start":{"line":102,"column":4},"end":{"line":102,"column":46}},"54":{"start":{"line":103,"column":4},"end":{"line":103,"column":48}},"55":{"start":{"line":107,"column":46},"end":{"line":125,"column":1}},"56":{"start":{"line":111,"column":2},"end":{"line":124,"column":3}},"57":{"start":{"line":112,"column":31},"end":{"line":112,"column":78}},"58":{"start":{"line":113,"column":4},"end":{"line":116,"column":8}},"59":{"start":{"line":114,"column":6},"end":{"line":116,"column":8}},"60":{"start":{"line":117,"column":4},"end":{"line":117,"column":38}},"61":{"start":{"line":118,"column":4},"end":{"line":120,"column":6}},"62":{"start":{"line":122,"column":4},"end":{"line":122,"column":51}},"63":{"start":{"line":123,"column":4},"end":{"line":123,"column":53}},"64":{"start":{"line":127,"column":0},"end":{"line":135,"column":2}}},"fnMap":{"0":{"name":"(anonymous_0)","decl":{"start":{"line":9,"column":36},"end":{"line":9,"column":37}},"loc":{"start":{"line":9,"column":61},"end":{"line":51,"column":1}},"line":9},"1":{"name":"(anonymous_1)","decl":{"start":{"line":53,"column":40},"end":{"line":53,"column":41}},"loc":{"start":{"line":53,"column":65},"end":{"line":61,"column":1}},"line":53},"2":{"name":"(anonymous_2)","decl":{"start":{"line":63,"column":30},"end":{"line":63,"column":31}},"loc":{"start":{"line":63,"column":55},"end":{"line":71,"column":1}},"line":63},"3":{"name":"(anonymous_3)","decl":{"start":{"line":73,"column":35},"end":{"line":73,"column":36}},"loc":{"start":{"line":73,"column":60},"end":{"line":80,"column":1}},"line":73},"4":{"name":"(anonymous_4)","decl":{"start":{"line":82,"column":40},"end":{"line":82,"column":41}},"loc":{"start":{"line":82,"column":72},"end":{"line":95,"column":1}},"line":82},"5":{"name":"(anonymous_5)","decl":{"start":{"line":97,"column":25},"end":{"line":97,"column":26}},"loc":{"start":{"line":97,"column":50},"end":{"line":105,"column":1}},"line":97},"6":{"name":"(anonymous_6)","decl":{"start":{"line":107,"column":46},"end":{"line":107,"column":47}},"loc":{"start":{"line":110,"column":5},"end":{"line":125,"column":1}},"line":110}},"branchMap":{"0":{"loc":{"start":{"line":10,"column":2},"end":{"line":11,"column":80}},"type":"if","locations":[{"start":{"line":10,"column":2},"end":{"line":11,"column":80}},{"start":{},"end":{}}],"line":10},"1":{"loc":{"start":{"line":12,"column":2},"end":{"line":13,"column":31}},"type":"if","locations":[{"start":{"line":12,"column":2},"end":{"line":13,"column":31}},{"start":{},"end":{}}],"line":12},"2":{"loc":{"start":{"line":12,"column":6},"end":{"line":12,"column":60}},"type":"binary-expr","locations":[{"start":{"line":12,"column":6},"end":{"line":12,"column":25}},{"start":{"line":12,"column":29},"end":{"line":12,"column":60}}],"line":12},"3":{"loc":{"start":{"line":45,"column":4},"end":{"line":45,"column":75}},"type":"if","locations":[{"start":{"line":45,"column":4},"end":{"line":45,"column":75}},{"start":{},"end":{}}],"line":45},"4":{"loc":{"start":{"line":83,"column":2},"end":{"line":83,"column":58}},"type":"if","locations":[{"start":{"line":83,"column":2},"end":{"line":83,"column":58}},{"start":{},"end":{}}],"line":83},"5":{"loc":{"start":{"line":86,"column":4},"end":{"line":89,"column":8}},"type":"if","locations":[{"start":{"line":86,"column":4},"end":{"line":89,"column":8}},{"start":{},"end":{}}],"line":86},"6":{"loc":{"start":{"line":113,"column":4},"end":{"line":116,"column":8}},"type":"if","locations":[{"start":{"line":113,"column":4},"end":{"line":116,"column":8}},{"start":{},"end":{}}],"line":113}},"s":{"0":1,"1":1,"2":1,"3":1,"4":13,"5":1,"6":12,"7":2,"8":10,"9":10,"10":10,"11":10,"12":10,"13":10,"14":10,"15":2,"16":2,"17":2,"18":1,"19":1,"20":9,"21":9,"22":1,"23":5,"24":5,"25":1,"26":4,"27":4,"28":1,"29":3,"30":3,"31":1,"32":2,"33":2,"34":1,"35":3,"36":3,"37":1,"38":2,"39":1,"40":4,"41":1,"42":3,"43":3,"44":1,"45":0,"46":1,"47":2,"48":2,"49":1,"50":2,"51":2,"52":1,"53":1,"54":1,"55":1,"56":2,"57":2,"58":1,"59":0,"60":1,"61":1,"62":1,"63":1,"64":1},"f":{"0":13,"1":5,"2":3,"3":3,"4":4,"5":2,"6":2},"b":{"0":[1,12],"1":[2,10],"2":[12,2],"3":[1,1],"4":[1,3],"5":[0,1],"6":[0,1]},"_coverageSchema":"1a1c01bbd47fc00a2c39e90264f33305004495a9","hash":"f21856a890e4a909caf98b9536e5c4339fc5ef3a"}
,"/Users/bandisa/dev/Pronto/amplify/backend/function/prontoAuthPreSignup/src/index.js": {"path":"/Users/bandisa/dev/Pronto/amplify/backend/function/prontoAuthPreSignup/src/index.js","statementMap":{"0":{"start":{"line":12,"column":14},"end":{"line":12,"column":35}},"1":{"start":{"line":17,"column":4},"end":{"line":17,"column":41}},"2":{"start":{"line":18,"column":25},"end":{"line":18,"column":57}},"3":{"start":{"line":22,"column":0},"end":{"line":75,"column":2}},"4":{"start":{"line":23,"column":2},"end":{"line":23,"column":23}},"5":{"start":{"line":24,"column":2},"end":{"line":25,"column":62}},"6":{"start":{"line":25,"column":4},"end":{"line":25,"column":62}},"7":{"start":{"line":26,"column":2},"end":{"line":35,"column":6}},"8":{"start":{"line":32,"column":4},"end":{"line":35,"column":6}},"9":{"start":{"line":37,"column":2},"end":{"line":37,"column":41}},"10":{"start":{"line":38,"column":2},"end":{"line":73,"column":3}},"11":{"start":{"line":39,"column":4},"end":{"line":69,"column":5}},"12":{"start":{"line":41,"column":8},"end":{"line":45,"column":9}},"13":{"start":{"line":44,"column":10},"end":{"line":44,"column":63}},"14":{"start":{"line":46,"column":8},"end":{"line":46,"column":14}},"15":{"start":{"line":48,"column":41},"end":{"line":51,"column":9}},"16":{"start":{"line":53,"column":8},"end":{"line":55,"column":9}},"17":{"start":{"line":54,"column":10},"end":{"line":54,"column":76}},"18":{"start":{"line":56,"column":8},"end":{"line":56,"column":14}},"19":{"start":{"line":58,"column":8},"end":{"line":67,"column":12}},"20":{"start":{"line":64,"column":10},"end":{"line":67,"column":12}},"21":{"start":{"line":68,"column":8},"end":{"line":68,"column":14}},"22":{"start":{"line":71,"column":4},"end":{"line":71,"column":32}},"23":{"start":{"line":72,"column":4},"end":{"line":72,"column":34}},"24":{"start":{"line":74,"column":2},"end":{"line":74,"column":15}}},"fnMap":{"0":{"name":"(anonymous_0)","decl":{"start":{"line":22,"column":18},"end":{"line":22,"column":19}},"loc":{"start":{"line":22,"column":44},"end":{"line":75,"column":1}},"line":22}},"branchMap":{"0":{"loc":{"start":{"line":24,"column":2},"end":{"line":25,"column":62}},"type":"if","locations":[{"start":{"line":24,"column":2},"end":{"line":25,"column":62}},{"start":{},"end":{}}],"line":24},"1":{"loc":{"start":{"line":26,"column":2},"end":{"line":35,"column":6}},"type":"if","locations":[{"start":{"line":26,"column":2},"end":{"line":35,"column":6}},{"start":{},"end":{}}],"line":26},"2":{"loc":{"start":{"line":39,"column":4},"end":{"line":69,"column":5}},"type":"switch","locations":[{"start":{"line":40,"column":6},"end":{"line":46,"column":14}},{"start":{"line":47,"column":6},"end":{"line":56,"column":14}},{"start":{"line":57,"column":6},"end":{"line":68,"column":14}}],"line":39},"3":{"loc":{"start":{"line":41,"column":8},"end":{"line":45,"column":9}},"type":"if","locations":[{"start":{"line":41,"column":8},"end":{"line":45,"column":9}},{"start":{},"end":{}}],"line":41},"4":{"loc":{"start":{"line":53,"column":8},"end":{"line":55,"column":9}},"type":"if","locations":[{"start":{"line":53,"column":8},"end":{"line":55,"column":9}},{"start":{},"end":{}}],"line":53},"5":{"loc":{"start":{"line":58,"column":8},"end":{"line":67,"column":12}},"type":"if","locations":[{"start":{"line":58,"column":8},"end":{"line":67,"column":12}},{"start":{},"end":{}}],"line":58}},"s":{"0":1,"1":1,"2":1,"3":1,"4":7,"5":7,"6":1,"7":6,"8":1,"9":3,"10":3,"11":3,"12":1,"13":1,"14":0,"15":1,"16":1,"17":1,"18":0,"19":1,"20":1,"21":0,"22":3,"23":3,"24":0},"f":{"0":7},"b":{"0":[1,6],"1":[1,3],"2":[1,1,1],"3":[1,0],"4":[1,0],"5":[1,0]},"_coverageSchema":"1a1c01bbd47fc00a2c39e90264f33305004495a9","hash":"c5e763fed45a69495e53839aa5952a88085c2650"}
,"/Users/bandisa/dev/Pronto/amplify/backend/function/prontoAuthPreSignup/src/isAppClientValid.js": {"path":"/Users/bandisa/dev/Pronto/amplify/backend/function/prontoAuthPreSignup/src/isAppClientValid.js","statementMap":{"0":{"start":{"line":1,"column":14},"end":{"line":1,"column":35}},"1":{"start":{"line":3,"column":2},"end":{"line":4,"column":41}},"2":{"start":{"line":4,"column":4},"end":{"line":4,"column":41}},"3":{"start":{"line":5,"column":2},"end":{"line":12,"column":3}},"4":{"start":{"line":7,"column":6},"end":{"line":7,"column":60}},"5":{"start":{"line":9,"column":6},"end":{"line":9,"column":36}},"6":{"start":{"line":11,"column":6},"end":{"line":11,"column":62}},"7":{"start":{"line":14,"column":0},"end":{"line":14,"column":34}}},"fnMap":{"0":{"name":"isAppClientValid","decl":{"start":{"line":2,"column":9},"end":{"line":2,"column":25}},"loc":{"start":{"line":2,"column":42},"end":{"line":13,"column":1}},"line":2}},"branchMap":{"0":{"loc":{"start":{"line":3,"column":2},"end":{"line":4,"column":41}},"type":"if","locations":[{"start":{"line":3,"column":2},"end":{"line":4,"column":41}},{"start":{},"end":{}}],"line":3},"1":{"loc":{"start":{"line":5,"column":2},"end":{"line":12,"column":3}},"type":"switch","locations":[{"start":{"line":6,"column":4},"end":{"line":7,"column":60}},{"start":{"line":8,"column":4},"end":{"line":9,"column":36}},{"start":{"line":10,"column":4},"end":{"line":11,"column":62}}],"line":5},"2":{"loc":{"start":{"line":7,"column":13},"end":{"line":7,"column":59}},"type":"binary-expr","locations":[{"start":{"line":7,"column":13},"end":{"line":7,"column":35}},{"start":{"line":7,"column":39},"end":{"line":7,"column":59}}],"line":7}},"s":{"0":1,"1":6,"2":1,"3":5,"4":2,"5":2,"6":1,"7":1},"f":{"0":6},"b":{"0":[1,5],"1":[2,2,1],"2":[2,1]},"_coverageSchema":"1a1c01bbd47fc00a2c39e90264f33305004495a9","hash":"ed16ef64d08bcae231aa8b8c51b88b7985078cca"}
,"/Users/bandisa/dev/Pronto/amplify/backend/function/prontoAuthPreSignup/src/roles.js": {"path":"/Users/bandisa/dev/Pronto/amplify/backend/function/prontoAuthPreSignup/src/roles.js","statementMap":{"0":{"start":{"line":1,"column":14},"end":{"line":5,"column":1}},"1":{"start":{"line":6,"column":0},"end":{"line":6,"column":23}}},"fnMap":{},"branchMap":{},"s":{"0":1,"1":1},"f":{},"b":{},"_coverageSchema":"1a1c01bbd47fc00a2c39e90264f33305004495a9","hash":"3dc9f67f04b894d5395ec1cda9bee4bc005756ca"}
}
