TN:
SF:backend/function/prontoPostSignUp/src/add-to-group.js
FN:22,(anonymous_0)
FNF:1
FNH:1
FNDA:12,(anonymous_0)
DA:6,2
DA:7,2
DA:9,2
DA:13,2
DA:17,2
DA:18,2
DA:22,2
DA:23,12
DA:27,3
DA:28,9
DA:30,8
DA:31,8
DA:33,8
DA:35,3
DA:36,1
DA:39,2
DA:40,2
DA:42,4
DA:43,1
DA:46,3
DA:50,3
DA:52,1
DA:57,5
DA:61,5
DA:66,5
DA:67,5
DA:68,5
DA:69,5
DA:73,1
DA:74,1
DA:78,4
DA:79,4
DA:83,0
DA:84,0
DA:89,4
LF:35
LH:33
BRDA:23,0,0,3
BRDA:23,0,1,9
BRDA:24,1,0,12
BRDA:24,1,1,11
BRDA:28,2,0,1
BRDA:28,2,1,8
BRDA:33,3,0,3
BRDA:33,3,1,4
BRDA:33,3,2,1
BRDA:35,4,0,1
BRDA:35,4,1,2
BRDA:42,5,0,1
BRDA:42,5,1,3
BRDA:47,6,0,2
BRDA:47,6,1,1
BRF:15
BRH:15
end_of_record
TN:
SF:backend/function/prontoPostSignUp/src/index.js
FN:16,(anonymous_0)
FN:25,(anonymous_1)
FN:31,(anonymous_2)
FNF:3
FNH:3
FNDA:1,(anonymous_0)
FNDA:1,(anonymous_1)
FNDA:1,(anonymous_2)
DA:12,1
DA:16,1
DA:25,1
DA:31,1
DA:32,0
LF:5
LH:4
BRF:0
BRH:0
end_of_record
TN:
SF:backend/function/prontoPostSignUp/src/roles.js
FNF:0
FNH:0
DA:1,2
DA:6,2
LF:2
LH:2
BRF:0
BRH:0
end_of_record
TN:
SF:backend/function/prontoPreSignUp/src/assertInstitutionInfo.js
FN:8,(anonymous_0)
FN:52,(anonymous_1)
FN:62,(anonymous_2)
FN:72,(anonymous_3)
FN:81,(anonymous_4)
FN:96,(anonymous_5)
FN:106,(anonymous_6)
FNF:7
FNH:7
FNDA:13,(anonymous_0)
FNDA:5,(anonymous_1)
FNDA:3,(anonymous_2)
FNDA:3,(anonymous_3)
FNDA:4,(anonymous_4)
FNDA:2,(anonymous_5)
FNDA:2,(anonymous_6)
DA:1,1
DA:2,1
DA:3,1
DA:8,1
DA:9,13
DA:10,1
DA:11,12
DA:12,1
DA:13,11
DA:14,11
DA:24,11
DA:27,11
DA:36,11
DA:40,11
DA:41,11
DA:42,3
DA:43,3
DA:44,3
DA:45,1
DA:47,9
DA:48,9
DA:52,1
DA:53,5
DA:54,5
DA:55,1
DA:57,4
DA:58,4
DA:62,1
DA:63,3
DA:64,3
DA:65,1
DA:67,2
DA:68,2
DA:72,1
DA:73,3
DA:74,3
DA:75,1
DA:77,2
DA:81,1
DA:82,4
DA:83,3
DA:84,3
DA:85,1
DA:86,0
DA:89,1
DA:91,2
DA:92,2
DA:96,1
DA:97,2
DA:98,2
DA:99,1
DA:101,1
DA:102,1
DA:106,1
DA:110,2
DA:111,2
DA:112,1
DA:113,0
DA:116,1
DA:117,1
DA:121,1
DA:122,1
DA:126,1
LF:63
LH:61
BRDA:9,0,0,1
BRDA:9,0,1,12
BRDA:11,1,0,1
BRDA:11,1,1,11
BRDA:11,2,0,12
BRDA:11,2,1,2
BRDA:44,3,0,2
BRDA:44,3,1,1
BRDA:82,4,0,1
BRDA:82,4,1,3
BRDA:85,5,0,0
BRDA:85,5,1,1
BRDA:112,6,0,0
BRDA:112,6,1,1
BRF:14
BRH:12
end_of_record
TN:
SF:backend/function/prontoPreSignUp/src/index.js
FN:22,(anonymous_0)
FNF:1
FNH:1
FNDA:7,(anonymous_0)
DA:12,1
DA:17,1
DA:18,1
DA:22,1
DA:23,7
DA:24,7
DA:25,1
DA:26,6
DA:32,1
DA:37,3
DA:38,3
DA:39,3
DA:41,1
DA:44,1
DA:46,0
DA:48,1
DA:53,1
DA:54,1
DA:56,0
DA:58,1
DA:64,1
DA:68,0
DA:71,3
DA:72,3
DA:74,0
LF:25
LH:21
BRDA:24,0,0,1
BRDA:24,0,1,6
BRDA:26,1,0,1
BRDA:26,1,1,3
BRDA:39,2,0,1
BRDA:39,2,1,1
BRDA:39,2,2,1
BRDA:41,3,0,1
BRDA:41,3,1,0
BRDA:53,4,0,1
BRDA:53,4,1,0
BRDA:58,5,0,1
BRDA:58,5,1,0
BRF:13
BRH:10
end_of_record
TN:
SF:backend/function/prontoPreSignUp/src/isAppClientValid.js
FN:2,isAppClientValid
FNF:1
FNH:1
FNDA:12,isAppClientValid
DA:1,2
DA:3,12
DA:4,2
DA:5,10
DA:7,5
DA:9,3
DA:11,2
DA:14,2
LF:8
LH:8
BRDA:3,0,0,2
BRDA:3,0,1,10
BRDA:5,1,0,5
BRDA:5,1,1,3
BRDA:5,1,2,2
BRDA:7,2,0,5
BRDA:7,2,1,3
BRF:7
BRH:7
end_of_record
TN:
SF:backend/function/prontoPreSignUp/src/roles.js
FNF:0
FNH:0
DA:1,2
DA:6,2
LF:2
LH:2
BRF:0
BRH:0
end_of_record
