{"/Users/bandisa/dev/Pronto/amplify/backend/function/prontoAuthPostConfirmation/src/add-institution-attribute.js": {"path":"/Users/bandisa/dev/Pronto/amplify/backend/function/prontoAuthPostConfirmation/src/add-institution-attribute.js","statementMap":{"0":{"start":{"line":4,"column":4},"end":{"line":4,"column":56}},"1":{"start":{"line":6,"column":15},"end":{"line":8,"column":1}},"2":{"start":{"line":10,"column":38},"end":{"line":10,"column":79}},"3":{"start":{"line":12,"column":0},"end":{"line":52,"column":2}},"4":{"start":{"line":13,"column":2},"end":{"line":13,"column":75}},"5":{"start":{"line":15,"column":24},"end":{"line":15,"column":66}},"6":{"start":{"line":16,"column":2},"end":{"line":16,"column":61}},"7":{"start":{"line":16,"column":22},"end":{"line":16,"column":61}},"8":{"start":{"line":17,"column":2},"end":{"line":51,"column":3}},"9":{"start":{"line":18,"column":50},"end":{"line":27,"column":5}},"10":{"start":{"line":29,"column":6},"end":{"line":31,"column":7}},"11":{"start":{"line":33,"column":6},"end":{"line":35,"column":7}},"12":{"start":{"line":36,"column":4},"end":{"line":36,"column":72}},"13":{"start":{"line":37,"column":26},"end":{"line":37,"column":64}},"14":{"start":{"line":38,"column":4},"end":{"line":41,"column":5}},"15":{"start":{"line":38,"column":42},"end":{"line":38,"column":55}},"16":{"start":{"line":40,"column":6},"end":{"line":40,"column":73}},"17":{"start":{"line":43,"column":4},"end":{"line":47,"column":6}},"18":{"start":{"line":48,"column":4},"end":{"line":50,"column":6}}},"fnMap":{"0":{"name":"(anonymous_0)","decl":{"start":{"line":12,"column":18},"end":{"line":12,"column":19}},"loc":{"start":{"line":12,"column":35},"end":{"line":52,"column":1}},"line":12}},"branchMap":{"0":{"loc":{"start":{"line":16,"column":2},"end":{"line":16,"column":61}},"type":"if","locations":[{"start":{"line":16,"column":2},"end":{"line":16,"column":61}},{"start":{},"end":{}}],"line":16},"1":{"loc":{"start":{"line":38,"column":4},"end":{"line":41,"column":5}},"type":"if","locations":[{"start":{"line":38,"column":4},"end":{"line":41,"column":5}},{"start":{"line":39,"column":9},"end":{"line":41,"column":5}}],"line":38}},"s":{"0":2,"1":2,"2":2,"3":2,"4":3,"5":3,"6":3,"7":2,"8":1,"9":1,"10":1,"11":1,"12":1,"13":1,"14":1,"15":1,"16":0,"17":0,"18":0},"f":{"0":3},"b":{"0":[2,1],"1":[1,0]},"_coverageSchema":"1a1c01bbd47fc00a2c39e90264f33305004495a9","hash":"65e3c0791889a93763ceb28e892862bdc77d8d4a"}
,"/Users/bandisa/dev/Pronto/amplify/backend/function/prontoAuthPostConfirmation/src/add-to-group.js": {"path":"/Users/bandisa/dev/Pronto/amplify/backend/function/prontoAuthPostConfirmation/src/add-to-group.js","statementMap":{"0":{"start":{"line":4,"column":4},"end":{"line":4,"column":56}},"1":{"start":{"line":5,"column":14},"end":{"line":5,"column":32}},"2":{"start":{"line":7,"column":15},"end":{"line":9,"column":1}},"3":{"start":{"line":11,"column":45},"end":{"line":13,"column":1}},"4":{"start":{"line":18,"column":0},"end":{"line":74,"column":2}},"5":{"start":{"line":19,"column":2},"end":{"line":19,"column":61}},"6":{"start":{"line":20,"column":2},"end":{"line":24,"column":62}},"7":{"start":{"line":24,"column":4},"end":{"line":24,"column":62}},"8":{"start":{"line":25,"column":2},"end":{"line":25,"column":79}},"9":{"start":{"line":25,"column":37},"end":{"line":25,"column":79}},"10":{"start":{"line":28,"column":2},"end":{"line":53,"column":3}},"11":{"start":{"line":30,"column":6},"end":{"line":33,"column":10}},"12":{"start":{"line":31,"column":8},"end":{"line":33,"column":10}},"13":{"start":{"line":34,"column":6},"end":{"line":34,"column":49}},"14":{"start":{"line":35,"column":6},"end":{"line":35,"column":12}},"15":{"start":{"line":37,"column":6},"end":{"line":40,"column":10}},"16":{"start":{"line":38,"column":8},"end":{"line":40,"column":10}},"17":{"start":{"line":41,"column":6},"end":{"line":44,"column":41}},"18":{"start":{"line":45,"column":6},"end":{"line":45,"column":12}},"19":{"start":{"line":47,"column":6},"end":{"line":49,"column":8}},"20":{"start":{"line":50,"column":6},"end":{"line":52,"column":8}},"21":{"start":{"line":54,"column":24},"end":{"line":58,"column":3}},"22":{"start":{"line":59,"column":2},"end":{"line":59,"column":33}},"23":{"start":{"line":60,"column":2},"end":{"line":71,"column":3}},"24":{"start":{"line":61,"column":4},"end":{"line":63,"column":6}},"25":{"start":{"line":65,"column":4},"end":{"line":69,"column":6}},"26":{"start":{"line":70,"column":4},"end":{"line":70,"column":56}},"27":{"start":{"line":73,"column":2},"end":{"line":73,"column":15}}},"fnMap":{"0":{"name":"(anonymous_0)","decl":{"start":{"line":18,"column":18},"end":{"line":18,"column":19}},"loc":{"start":{"line":18,"column":35},"end":{"line":74,"column":1}},"line":18}},"branchMap":{"0":{"loc":{"start":{"line":20,"column":2},"end":{"line":24,"column":62}},"type":"if","locations":[{"start":{"line":20,"column":2},"end":{"line":24,"column":62}},{"start":{},"end":{}}],"line":20},"1":{"loc":{"start":{"line":21,"column":4},"end":{"line":22,"column":69}},"type":"binary-expr","locations":[{"start":{"line":21,"column":4},"end":{"line":21,"column":38}},{"start":{"line":22,"column":4},"end":{"line":22,"column":69}}],"line":21},"2":{"loc":{"start":{"line":25,"column":2},"end":{"line":25,"column":79}},"type":"if","locations":[{"start":{"line":25,"column":2},"end":{"line":25,"column":79}},{"start":{},"end":{}}],"line":25},"3":{"loc":{"start":{"line":28,"column":2},"end":{"line":53,"column":3}},"type":"switch","locations":[{"start":{"line":29,"column":4},"end":{"line":35,"column":12}},{"start":{"line":36,"column":4},"end":{"line":45,"column":12}},{"start":{"line":46,"column":4},"end":{"line":52,"column":8}}],"line":28},"4":{"loc":{"start":{"line":30,"column":6},"end":{"line":33,"column":10}},"type":"if","locations":[{"start":{"line":30,"column":6},"end":{"line":33,"column":10}},{"start":{},"end":{}}],"line":30},"5":{"loc":{"start":{"line":37,"column":6},"end":{"line":40,"column":10}},"type":"if","locations":[{"start":{"line":37,"column":6},"end":{"line":40,"column":10}},{"start":{},"end":{}}],"line":37},"6":{"loc":{"start":{"line":42,"column":8},"end":{"line":44,"column":40}},"type":"cond-expr","locations":[{"start":{"line":43,"column":12},"end":{"line":43,"column":43}},{"start":{"line":44,"column":12},"end":{"line":44,"column":40}}],"line":42}},"s":{"0":2,"1":2,"2":2,"3":2,"4":2,"5":12,"6":12,"7":3,"8":9,"9":1,"10":8,"11":3,"12":1,"13":2,"14":2,"15":4,"16":1,"17":3,"18":3,"19":1,"20":1,"21":5,"22":5,"23":5,"24":5,"25":0,"26":0,"27":4},"f":{"0":12},"b":{"0":[3,9],"1":[12,11],"2":[1,8],"3":[3,4,1],"4":[1,2],"5":[1,3],"6":[2,1]},"_coverageSchema":"1a1c01bbd47fc00a2c39e90264f33305004495a9","hash":"2055e3b95414f6764f30e78c6de37d3fc0acb867"}
,"/Users/bandisa/dev/Pronto/amplify/backend/function/prontoAuthPostConfirmation/src/index.js": {"path":"/Users/bandisa/dev/Pronto/amplify/backend/function/prontoAuthPostConfirmation/src/index.js","statementMap":{"0":{"start":{"line":18,"column":20},"end":{"line":18,"column":50}},"1":{"start":{"line":22,"column":16},"end":{"line":22,"column":63}},"2":{"start":{"line":22,"column":42},"end":{"line":22,"column":62}},"3":{"start":{"line":31,"column":0},"end":{"line":39,"column":2}},"4":{"start":{"line":37,"column":2},"end":{"line":37,"column":77}},"5":{"start":{"line":37,"column":44},"end":{"line":37,"column":74}},"6":{"start":{"line":38,"column":2},"end":{"line":38,"column":15}}},"fnMap":{"0":{"name":"(anonymous_0)","decl":{"start":{"line":22,"column":32},"end":{"line":22,"column":33}},"loc":{"start":{"line":22,"column":42},"end":{"line":22,"column":62}},"line":22},"1":{"name":"(anonymous_1)","decl":{"start":{"line":31,"column":18},"end":{"line":31,"column":19}},"loc":{"start":{"line":31,"column":44},"end":{"line":39,"column":1}},"line":31},"2":{"name":"(anonymous_2)","decl":{"start":{"line":37,"column":32},"end":{"line":37,"column":33}},"loc":{"start":{"line":37,"column":44},"end":{"line":37,"column":74}},"line":37}},"branchMap":{},"s":{"0":1,"1":1,"2":2,"3":1,"4":1,"5":2,"6":0},"f":{"0":2,"1":1,"2":2},"b":{},"_coverageSchema":"1a1c01bbd47fc00a2c39e90264f33305004495a9","hash":"c6e3b4843d4e916a0000f5c6b6a3d3f3e6e86162"}
,"/Users/bandisa/dev/Pronto/amplify/backend/function/prontoAuthPostConfirmation/src/roles.js": {"path":"/Users/bandisa/dev/Pronto/amplify/backend/function/prontoAuthPostConfirmation/src/roles.js","statementMap":{"0":{"start":{"line":1,"column":14},"end":{"line":5,"column":1}},"1":{"start":{"line":6,"column":0},"end":{"line":6,"column":23}}},"fnMap":{},"branchMap":{},"s":{"0":2,"1":2},"f":{},"b":{},"_coverageSchema":"1a1c01bbd47fc00a2c39e90264f33305004495a9","hash":"bb627bcd51d57c323963db6b9ee35101a74491e2"}
,"/Users/bandisa/dev/Pronto/amplify/backend/function/prontoAuthPreAuthentication/src/index.js": {"path":"/Users/bandisa/dev/Pronto/amplify/backend/function/prontoAuthPreAuthentication/src/index.js","statementMap":{"0":{"start":{"line":8,"column":14},"end":{"line":8,"column":35}},"1":{"start":{"line":9,"column":34},"end":{"line":9,"column":76}},"2":{"start":{"line":10,"column":25},"end":{"line":10,"column":62}},"3":{"start":{"line":15,"column":0},"end":{"line":52,"column":2}},"4":{"start":{"line":16,"column":2},"end":{"line":16,"column":37}},"5":{"start":{"line":17,"column":2},"end":{"line":18,"column":54}},"6":{"start":{"line":18,"column":4},"end":{"line":18,"column":54}},"7":{"start":{"line":19,"column":2},"end":{"line":23,"column":62}},"8":{"start":{"line":23,"column":4},"end":{"line":23,"column":62}},"9":{"start":{"line":24,"column":2},"end":{"line":33,"column":6}},"10":{"start":{"line":30,"column":4},"end":{"line":33,"column":6}},"11":{"start":{"line":34,"column":2},"end":{"line":50,"column":3}},"12":{"start":{"line":35,"column":4},"end":{"line":46,"column":54}},"13":{"start":{"line":42,"column":6},"end":{"line":46,"column":54}},"14":{"start":{"line":48,"column":4},"end":{"line":48,"column":32}},"15":{"start":{"line":49,"column":4},"end":{"line":49,"column":34}},"16":{"start":{"line":51,"column":2},"end":{"line":51,"column":15}}},"fnMap":{"0":{"name":"(anonymous_0)","decl":{"start":{"line":15,"column":18},"end":{"line":15,"column":19}},"loc":{"start":{"line":15,"column":44},"end":{"line":52,"column":1}},"line":15}},"branchMap":{"0":{"loc":{"start":{"line":17,"column":2},"end":{"line":18,"column":54}},"type":"if","locations":[{"start":{"line":17,"column":2},"end":{"line":18,"column":54}},{"start":{},"end":{}}],"line":17},"1":{"loc":{"start":{"line":19,"column":2},"end":{"line":23,"column":62}},"type":"if","locations":[{"start":{"line":19,"column":2},"end":{"line":23,"column":62}},{"start":{},"end":{}}],"line":19},"2":{"loc":{"start":{"line":20,"column":4},"end":{"line":21,"column":69}},"type":"binary-expr","locations":[{"start":{"line":20,"column":4},"end":{"line":20,"column":38}},{"start":{"line":21,"column":4},"end":{"line":21,"column":69}}],"line":20},"3":{"loc":{"start":{"line":24,"column":2},"end":{"line":33,"column":6}},"type":"if","locations":[{"start":{"line":24,"column":2},"end":{"line":33,"column":6}},{"start":{},"end":{}}],"line":24},"4":{"loc":{"start":{"line":35,"column":4},"end":{"line":46,"column":54}},"type":"if","locations":[{"start":{"line":35,"column":4},"end":{"line":46,"column":54}},{"start":{},"end":{}}],"line":35},"5":{"loc":{"start":{"line":36,"column":6},"end":{"line":40,"column":72}},"type":"binary-expr","locations":[{"start":{"line":36,"column":6},"end":{"line":39,"column":8}},{"start":{"line":40,"column":6},"end":{"line":40,"column":72}}],"line":36}},"s":{"0":1,"1":1,"2":1,"3":1,"4":5,"5":5,"6":1,"7":4,"8":1,"9":3,"10":1,"11":2,"12":2,"13":1,"14":1,"15":1,"16":1},"f":{"0":5},"b":{"0":[1,4],"1":[1,3],"2":[4,3],"3":[1,2],"4":[1,1],"5":[2,1]},"_coverageSchema":"1a1c01bbd47fc00a2c39e90264f33305004495a9","hash":"296441a64ec47bb78d2b076d166be0391b23c0d2"}
,"/Users/bandisa/dev/Pronto/amplify/backend/function/prontoAuthPreAuthentication/src/roles.js": {"path":"/Users/bandisa/dev/Pronto/amplify/backend/function/prontoAuthPreAuthentication/src/roles.js","statementMap":{"0":{"start":{"line":1,"column":14},"end":{"line":6,"column":2}},"1":{"start":{"line":7,"column":0},"end":{"line":7,"column":23}}},"fnMap":{},"branchMap":{},"s":{"0":2,"1":2},"f":{},"b":{},"_coverageSchema":"1a1c01bbd47fc00a2c39e90264f33305004495a9","hash":"68b060417b5bf4126e0eb85d779a1a8e2575b6c2"}
,"/Users/bandisa/dev/Pronto/amplify/backend/function/prontoAuthPreAuthentication/src/helpers/assertInstitutionInfo.js": {"path":"/Users/bandisa/dev/Pronto/amplify/backend/function/prontoAuthPreAuthentication/src/helpers/assertInstitutionInfo.js","statementMap":{"0":{"start":{"line":1,"column":14},"end":{"line":1,"column":33}},"1":{"start":{"line":2,"column":25},"end":{"line":2,"column":72}},"2":{"start":{"line":3,"column":24},"end":{"line":3,"column":66}},"3":{"start":{"line":4,"column":13},"end":{"line":11,"column":1}},"4":{"start":{"line":13,"column":35},"end":{"line":16,"column":1}},"5":{"start":{"line":14,"column":30},"end":{"line":14,"column":64}},"6":{"start":{"line":15,"column":2},"end":{"line":15,"column":48}},"7":{"start":{"line":18,"column":34},"end":{"line":66,"column":1}},"8":{"start":{"line":19,"column":2},"end":{"line":20,"column":62}},"9":{"start":{"line":20,"column":4},"end":{"line":20,"column":62}},"10":{"start":{"line":21,"column":2},"end":{"line":27,"column":18}},"11":{"start":{"line":27,"column":4},"end":{"line":27,"column":18}},"12":{"start":{"line":28,"column":30},"end":{"line":41,"column":3}},"13":{"start":{"line":42,"column":20},"end":{"line":45,"column":3}},"14":{"start":{"line":46,"column":18},"end":{"line":53,"column":3}},"15":{"start":{"line":55,"column":18},"end":{"line":55,"column":56}},"16":{"start":{"line":56,"column":2},"end":{"line":65,"column":3}},"17":{"start":{"line":57,"column":21},"end":{"line":57,"column":41}},"18":{"start":{"line":58,"column":17},"end":{"line":58,"column":38}},"19":{"start":{"line":59,"column":4},"end":{"line":59,"column":60}},"20":{"start":{"line":60,"column":4},"end":{"line":60,"column":47}},"21":{"start":{"line":60,"column":19},"end":{"line":60,"column":47}},"22":{"start":{"line":61,"column":4},"end":{"line":61,"column":76}},"23":{"start":{"line":63,"column":4},"end":{"line":63,"column":56}},"24":{"start":{"line":64,"column":4},"end":{"line":64,"column":62}},"25":{"start":{"line":68,"column":30},"end":{"line":103,"column":1}},"26":{"start":{"line":69,"column":2},"end":{"line":70,"column":63}},"27":{"start":{"line":70,"column":4},"end":{"line":70,"column":63}},"28":{"start":{"line":71,"column":2},"end":{"line":102,"column":3}},"29":{"start":{"line":72,"column":19},"end":{"line":72,"column":57}},"30":{"start":{"line":73,"column":4},"end":{"line":73,"column":80}},"31":{"start":{"line":73,"column":17},"end":{"line":73,"column":80}},"32":{"start":{"line":74,"column":4},"end":{"line":97,"column":5}},"33":{"start":{"line":76,"column":8},"end":{"line":79,"column":61}},"34":{"start":{"line":77,"column":10},"end":{"line":79,"column":61}},"35":{"start":{"line":80,"column":8},"end":{"line":84,"column":10}},"36":{"start":{"line":86,"column":8},"end":{"line":89,"column":12}},"37":{"start":{"line":87,"column":10},"end":{"line":89,"column":12}},"38":{"start":{"line":90,"column":8},"end":{"line":92,"column":10}},"39":{"start":{"line":91,"column":20},"end":{"line":91,"column":40}},"40":{"start":{"line":94,"column":8},"end":{"line":94,"column":56}},"41":{"start":{"line":96,"column":8},"end":{"line":96,"column":21}},"42":{"start":{"line":99,"column":4},"end":{"line":100,"column":63}},"43":{"start":{"line":101,"column":4},"end":{"line":101,"column":37}},"44":{"start":{"line":105,"column":0},"end":{"line":108,"column":2}}},"fnMap":{"0":{"name":"(anonymous_0)","decl":{"start":{"line":13,"column":35},"end":{"line":13,"column":36}},"loc":{"start":{"line":13,"column":53},"end":{"line":16,"column":1}},"line":13},"1":{"name":"(anonymous_1)","decl":{"start":{"line":18,"column":34},"end":{"line":18,"column":35}},"loc":{"start":{"line":18,"column":51},"end":{"line":66,"column":1}},"line":18},"2":{"name":"(anonymous_2)","decl":{"start":{"line":68,"column":30},"end":{"line":68,"column":31}},"loc":{"start":{"line":68,"column":53},"end":{"line":103,"column":1}},"line":68},"3":{"name":"(anonymous_3)","decl":{"start":{"line":91,"column":10},"end":{"line":91,"column":11}},"loc":{"start":{"line":91,"column":20},"end":{"line":91,"column":40}},"line":91}},"branchMap":{"0":{"loc":{"start":{"line":19,"column":2},"end":{"line":20,"column":62}},"type":"if","locations":[{"start":{"line":19,"column":2},"end":{"line":20,"column":62}},{"start":{},"end":{}}],"line":19},"1":{"loc":{"start":{"line":19,"column":6},"end":{"line":19,"column":50}},"type":"binary-expr","locations":[{"start":{"line":19,"column":6},"end":{"line":19,"column":12}},{"start":{"line":19,"column":16},"end":{"line":19,"column":50}}],"line":19},"2":{"loc":{"start":{"line":21,"column":2},"end":{"line":27,"column":18}},"type":"if","locations":[{"start":{"line":21,"column":2},"end":{"line":27,"column":18}},{"start":{},"end":{}}],"line":21},"3":{"loc":{"start":{"line":22,"column":4},"end":{"line":25,"column":44}},"type":"binary-expr","locations":[{"start":{"line":22,"column":5},"end":{"line":22,"column":44}},{"start":{"line":23,"column":6},"end":{"line":23,"column":46}},{"start":{"line":24,"column":5},"end":{"line":24,"column":41}},{"start":{"line":25,"column":6},"end":{"line":25,"column":43}}],"line":22},"4":{"loc":{"start":{"line":60,"column":4},"end":{"line":60,"column":47}},"type":"if","locations":[{"start":{"line":60,"column":4},"end":{"line":60,"column":47}},{"start":{},"end":{}}],"line":60},"5":{"loc":{"start":{"line":69,"column":2},"end":{"line":70,"column":63}},"type":"if","locations":[{"start":{"line":69,"column":2},"end":{"line":70,"column":63}},{"start":{},"end":{}}],"line":69},"6":{"loc":{"start":{"line":69,"column":6},"end":{"line":69,"column":59}},"type":"binary-expr","locations":[{"start":{"line":69,"column":6},"end":{"line":69,"column":12}},{"start":{"line":69,"column":16},"end":{"line":69,"column":50}},{"start":{"line":69,"column":54},"end":{"line":69,"column":59}}],"line":69},"7":{"loc":{"start":{"line":73,"column":4},"end":{"line":73,"column":80}},"type":"if","locations":[{"start":{"line":73,"column":4},"end":{"line":73,"column":80}},{"start":{},"end":{}}],"line":73},"8":{"loc":{"start":{"line":74,"column":4},"end":{"line":97,"column":5}},"type":"switch","locations":[{"start":{"line":75,"column":6},"end":{"line":84,"column":10}},{"start":{"line":85,"column":6},"end":{"line":92,"column":10}},{"start":{"line":93,"column":6},"end":{"line":94,"column":56}},{"start":{"line":95,"column":6},"end":{"line":96,"column":21}}],"line":74},"9":{"loc":{"start":{"line":76,"column":8},"end":{"line":79,"column":61}},"type":"if","locations":[{"start":{"line":76,"column":8},"end":{"line":79,"column":61}},{"start":{},"end":{}}],"line":76},"10":{"loc":{"start":{"line":81,"column":10},"end":{"line":83,"column":48}},"type":"binary-expr","locations":[{"start":{"line":81,"column":10},"end":{"line":81,"column":38}},{"start":{"line":82,"column":10},"end":{"line":82,"column":54}},{"start":{"line":83,"column":10},"end":{"line":83,"column":48}}],"line":81},"11":{"loc":{"start":{"line":86,"column":8},"end":{"line":89,"column":12}},"type":"if","locations":[{"start":{"line":86,"column":8},"end":{"line":89,"column":12}},{"start":{},"end":{}}],"line":86}},"s":{"0":1,"1":1,"2":1,"3":1,"4":1,"5":2,"6":2,"7":1,"8":1,"9":0,"10":1,"11":0,"12":1,"13":1,"14":1,"15":1,"16":1,"17":1,"18":0,"19":0,"20":0,"21":0,"22":0,"23":1,"24":1,"25":1,"26":2,"27":1,"28":1,"29":1,"30":0,"31":0,"32":0,"33":0,"34":0,"35":0,"36":0,"37":0,"38":0,"39":0,"40":0,"41":0,"42":1,"43":1,"44":1},"f":{"0":2,"1":1,"2":2,"3":0},"b":{"0":[0,1],"1":[1,1],"2":[0,1],"3":[1,0,1,0],"4":[0,0],"5":[1,1],"6":[2,1,1],"7":[0,0],"8":[0,0,0,0],"9":[0,0],"10":[0,0,0],"11":[0,0]},"_coverageSchema":"1a1c01bbd47fc00a2c39e90264f33305004495a9","hash":"e1023c09675ea922259202efa718288c6f476d53"}
,"/Users/bandisa/dev/Pronto/amplify/backend/function/prontoAuthPreAuthentication/src/helpers/isAppClientValid.js": {"path":"/Users/bandisa/dev/Pronto/amplify/backend/function/prontoAuthPreAuthentication/src/helpers/isAppClientValid.js","statementMap":{"0":{"start":{"line":1,"column":14},"end":{"line":1,"column":36}},"1":{"start":{"line":3,"column":2},"end":{"line":4,"column":41}},"2":{"start":{"line":4,"column":4},"end":{"line":4,"column":41}},"3":{"start":{"line":5,"column":2},"end":{"line":16,"column":3}},"4":{"start":{"line":7,"column":6},"end":{"line":9,"column":8}},"5":{"start":{"line":11,"column":6},"end":{"line":11,"column":36}},"6":{"start":{"line":13,"column":6},"end":{"line":15,"column":8}},"7":{"start":{"line":18,"column":0},"end":{"line":18,"column":34}}},"fnMap":{"0":{"name":"isAppClientValid","decl":{"start":{"line":2,"column":9},"end":{"line":2,"column":25}},"loc":{"start":{"line":2,"column":42},"end":{"line":17,"column":1}},"line":2}},"branchMap":{"0":{"loc":{"start":{"line":3,"column":2},"end":{"line":4,"column":41}},"type":"if","locations":[{"start":{"line":3,"column":2},"end":{"line":4,"column":41}},{"start":{},"end":{}}],"line":3},"1":{"loc":{"start":{"line":5,"column":2},"end":{"line":16,"column":3}},"type":"switch","locations":[{"start":{"line":6,"column":4},"end":{"line":9,"column":8}},{"start":{"line":10,"column":4},"end":{"line":11,"column":36}},{"start":{"line":12,"column":4},"end":{"line":15,"column":8}}],"line":5},"2":{"loc":{"start":{"line":8,"column":8},"end":{"line":8,"column":78}},"type":"binary-expr","locations":[{"start":{"line":8,"column":8},"end":{"line":8,"column":30}},{"start":{"line":8,"column":34},"end":{"line":8,"column":54}},{"start":{"line":8,"column":58},"end":{"line":8,"column":78}}],"line":8}},"s":{"0":1,"1":3,"2":0,"3":3,"4":3,"5":0,"6":0,"7":1},"f":{"0":3},"b":{"0":[0,3],"1":[3,0,0],"2":[3,3,1]},"_coverageSchema":"1a1c01bbd47fc00a2c39e90264f33305004495a9","hash":"1543b0e6264c03e7016a82799a7522656766e2d9"}
,"/Users/bandisa/dev/Pronto/amplify/backend/function/prontoAuthPreSignup/src/assertInstitutionInfo.js": {"path":"/Users/bandisa/dev/Pronto/amplify/backend/function/prontoAuthPreSignup/src/assertInstitutionInfo.js","statementMap":{"0":{"start":{"line":1,"column":25},"end":{"line":1,"column":72}},"1":{"start":{"line":2,"column":24},"end":{"line":2,"column":66}},"2":{"start":{"line":3,"column":18},"end":{"line":6,"column":1}},"3":{"start":{"line":8,"column":36},"end":{"line":49,"column":1}},"4":{"start":{"line":9,"column":2},"end":{"line":10,"column":80}},"5":{"start":{"line":10,"column":4},"end":{"line":10,"column":80}},"6":{"start":{"line":11,"column":2},"end":{"line":12,"column":31}},"7":{"start":{"line":12,"column":4},"end":{"line":12,"column":31}},"8":{"start":{"line":13,"column":2},"end":{"line":13,"column":33}},"9":{"start":{"line":14,"column":30},"end":{"line":23,"column":3}},"10":{"start":{"line":24,"column":20},"end":{"line":26,"column":3}},"11":{"start":{"line":27,"column":18},"end":{"line":34,"column":3}},"12":{"start":{"line":35,"column":18},"end":{"line":35,"column":56}},"13":{"start":{"line":39,"column":2},"end":{"line":48,"column":3}},"14":{"start":{"line":40,"column":4},"end":{"line":40,"column":36}},"15":{"start":{"line":41,"column":4},"end":{"line":41,"column":33}},"16":{"start":{"line":42,"column":4},"end":{"line":42,"column":62}},"17":{"start":{"line":43,"column":4},"end":{"line":43,"column":75}},"18":{"start":{"line":43,"column":19},"end":{"line":43,"column":75}},"19":{"start":{"line":44,"column":4},"end":{"line":44,"column":61}},"20":{"start":{"line":46,"column":4},"end":{"line":46,"column":55}},"21":{"start":{"line":47,"column":4},"end":{"line":47,"column":63}},"22":{"start":{"line":51,"column":40},"end":{"line":59,"column":1}},"23":{"start":{"line":52,"column":2},"end":{"line":58,"column":3}},"24":{"start":{"line":53,"column":30},"end":{"line":53,"column":78}},"25":{"start":{"line":54,"column":4},"end":{"line":54,"column":44}},"26":{"start":{"line":56,"column":4},"end":{"line":56,"column":56}},"27":{"start":{"line":57,"column":4},"end":{"line":57,"column":68}},"28":{"start":{"line":61,"column":30},"end":{"line":69,"column":1}},"29":{"start":{"line":62,"column":2},"end":{"line":68,"column":3}},"30":{"start":{"line":63,"column":30},"end":{"line":63,"column":78}},"31":{"start":{"line":64,"column":4},"end":{"line":64,"column":37}},"32":{"start":{"line":66,"column":4},"end":{"line":66,"column":62}},"33":{"start":{"line":67,"column":4},"end":{"line":67,"column":69}},"34":{"start":{"line":71,"column":35},"end":{"line":79,"column":1}},"35":{"start":{"line":72,"column":2},"end":{"line":78,"column":3}},"36":{"start":{"line":73,"column":30},"end":{"line":73,"column":78}},"37":{"start":{"line":74,"column":4},"end":{"line":74,"column":37}},"38":{"start":{"line":76,"column":4},"end":{"line":76,"column":67}},"39":{"start":{"line":77,"column":4},"end":{"line":77,"column":77}},"40":{"start":{"line":81,"column":40},"end":{"line":94,"column":1}},"41":{"start":{"line":82,"column":2},"end":{"line":82,"column":58}},"42":{"start":{"line":82,"column":14},"end":{"line":82,"column":58}},"43":{"start":{"line":83,"column":2},"end":{"line":93,"column":3}},"44":{"start":{"line":84,"column":22},"end":{"line":84,"column":74}},"45":{"start":{"line":85,"column":4},"end":{"line":88,"column":8}},"46":{"start":{"line":86,"column":6},"end":{"line":88,"column":8}},"47":{"start":{"line":89,"column":4},"end":{"line":89,"column":37}},"48":{"start":{"line":91,"column":4},"end":{"line":91,"column":72}},"49":{"start":{"line":92,"column":4},"end":{"line":92,"column":66}},"50":{"start":{"line":96,"column":25},"end":{"line":104,"column":1}},"51":{"start":{"line":97,"column":2},"end":{"line":103,"column":3}},"52":{"start":{"line":98,"column":20},"end":{"line":98,"column":62}},"53":{"start":{"line":99,"column":4},"end":{"line":99,"column":27}},"54":{"start":{"line":101,"column":4},"end":{"line":101,"column":62}},"55":{"start":{"line":102,"column":4},"end":{"line":102,"column":48}},"56":{"start":{"line":106,"column":46},"end":{"line":124,"column":1}},"57":{"start":{"line":110,"column":2},"end":{"line":123,"column":3}},"58":{"start":{"line":111,"column":31},"end":{"line":111,"column":78}},"59":{"start":{"line":112,"column":4},"end":{"line":115,"column":8}},"60":{"start":{"line":113,"column":6},"end":{"line":115,"column":8}},"61":{"start":{"line":116,"column":4},"end":{"line":116,"column":38}},"62":{"start":{"line":117,"column":4},"end":{"line":119,"column":6}},"63":{"start":{"line":121,"column":4},"end":{"line":121,"column":67}},"64":{"start":{"line":122,"column":4},"end":{"line":122,"column":61}},"65":{"start":{"line":126,"column":0},"end":{"line":134,"column":2}}},"fnMap":{"0":{"name":"(anonymous_0)","decl":{"start":{"line":8,"column":36},"end":{"line":8,"column":37}},"loc":{"start":{"line":8,"column":61},"end":{"line":49,"column":1}},"line":8},"1":{"name":"(anonymous_1)","decl":{"start":{"line":51,"column":40},"end":{"line":51,"column":41}},"loc":{"start":{"line":51,"column":65},"end":{"line":59,"column":1}},"line":51},"2":{"name":"(anonymous_2)","decl":{"start":{"line":61,"column":30},"end":{"line":61,"column":31}},"loc":{"start":{"line":61,"column":55},"end":{"line":69,"column":1}},"line":61},"3":{"name":"(anonymous_3)","decl":{"start":{"line":71,"column":35},"end":{"line":71,"column":36}},"loc":{"start":{"line":71,"column":60},"end":{"line":79,"column":1}},"line":71},"4":{"name":"(anonymous_4)","decl":{"start":{"line":81,"column":40},"end":{"line":81,"column":41}},"loc":{"start":{"line":81,"column":72},"end":{"line":94,"column":1}},"line":81},"5":{"name":"(anonymous_5)","decl":{"start":{"line":96,"column":25},"end":{"line":96,"column":26}},"loc":{"start":{"line":96,"column":50},"end":{"line":104,"column":1}},"line":96},"6":{"name":"(anonymous_6)","decl":{"start":{"line":106,"column":46},"end":{"line":106,"column":47}},"loc":{"start":{"line":109,"column":5},"end":{"line":124,"column":1}},"line":109}},"branchMap":{"0":{"loc":{"start":{"line":9,"column":2},"end":{"line":10,"column":80}},"type":"if","locations":[{"start":{"line":9,"column":2},"end":{"line":10,"column":80}},{"start":{},"end":{}}],"line":9},"1":{"loc":{"start":{"line":11,"column":2},"end":{"line":12,"column":31}},"type":"if","locations":[{"start":{"line":11,"column":2},"end":{"line":12,"column":31}},{"start":{},"end":{}}],"line":11},"2":{"loc":{"start":{"line":11,"column":6},"end":{"line":11,"column":60}},"type":"binary-expr","locations":[{"start":{"line":11,"column":6},"end":{"line":11,"column":25}},{"start":{"line":11,"column":29},"end":{"line":11,"column":60}}],"line":11},"3":{"loc":{"start":{"line":43,"column":4},"end":{"line":43,"column":75}},"type":"if","locations":[{"start":{"line":43,"column":4},"end":{"line":43,"column":75}},{"start":{},"end":{}}],"line":43},"4":{"loc":{"start":{"line":82,"column":2},"end":{"line":82,"column":58}},"type":"if","locations":[{"start":{"line":82,"column":2},"end":{"line":82,"column":58}},{"start":{},"end":{}}],"line":82},"5":{"loc":{"start":{"line":85,"column":4},"end":{"line":88,"column":8}},"type":"if","locations":[{"start":{"line":85,"column":4},"end":{"line":88,"column":8}},{"start":{},"end":{}}],"line":85},"6":{"loc":{"start":{"line":112,"column":4},"end":{"line":115,"column":8}},"type":"if","locations":[{"start":{"line":112,"column":4},"end":{"line":115,"column":8}},{"start":{},"end":{}}],"line":112}},"s":{"0":1,"1":1,"2":1,"3":1,"4":13,"5":1,"6":12,"7":2,"8":10,"9":10,"10":10,"11":10,"12":10,"13":10,"14":10,"15":2,"16":2,"17":2,"18":1,"19":1,"20":9,"21":9,"22":1,"23":5,"24":5,"25":1,"26":4,"27":4,"28":1,"29":3,"30":3,"31":1,"32":2,"33":2,"34":1,"35":3,"36":3,"37":1,"38":2,"39":2,"40":1,"41":4,"42":1,"43":3,"44":3,"45":1,"46":0,"47":1,"48":2,"49":2,"50":1,"51":2,"52":2,"53":1,"54":1,"55":1,"56":1,"57":2,"58":2,"59":1,"60":0,"61":1,"62":1,"63":1,"64":1,"65":1},"f":{"0":13,"1":5,"2":3,"3":3,"4":4,"5":2,"6":2},"b":{"0":[1,12],"1":[2,10],"2":[12,2],"3":[1,1],"4":[1,3],"5":[0,1],"6":[0,1]},"_coverageSchema":"1a1c01bbd47fc00a2c39e90264f33305004495a9","hash":"f6919d9fd6cca1b7b881b29f45cfa4c482efd495"}
,"/Users/bandisa/dev/Pronto/amplify/backend/function/prontoAuthPreSignup/src/index.js": {"path":"/Users/bandisa/dev/Pronto/amplify/backend/function/prontoAuthPreSignup/src/index.js","statementMap":{"0":{"start":{"line":8,"column":14},"end":{"line":8,"column":35}},"1":{"start":{"line":13,"column":4},"end":{"line":13,"column":41}},"2":{"start":{"line":14,"column":25},"end":{"line":14,"column":57}},"3":{"start":{"line":18,"column":0},"end":{"line":83,"column":2}},"4":{"start":{"line":19,"column":2},"end":{"line":19,"column":37}},"5":{"start":{"line":20,"column":2},"end":{"line":21,"column":62}},"6":{"start":{"line":21,"column":4},"end":{"line":21,"column":62}},"7":{"start":{"line":22,"column":2},"end":{"line":42,"column":6}},"8":{"start":{"line":23,"column":4},"end":{"line":32,"column":8}},"9":{"start":{"line":29,"column":6},"end":{"line":32,"column":8}},"10":{"start":{"line":33,"column":9},"end":{"line":42,"column":6}},"11":{"start":{"line":39,"column":4},"end":{"line":42,"column":6}},"12":{"start":{"line":44,"column":2},"end":{"line":44,"column":41}},"13":{"start":{"line":45,"column":2},"end":{"line":45,"column":42}},"14":{"start":{"line":46,"column":2},"end":{"line":81,"column":3}},"15":{"start":{"line":47,"column":4},"end":{"line":77,"column":5}},"16":{"start":{"line":49,"column":8},"end":{"line":53,"column":9}},"17":{"start":{"line":52,"column":10},"end":{"line":52,"column":63}},"18":{"start":{"line":54,"column":8},"end":{"line":54,"column":14}},"19":{"start":{"line":56,"column":41},"end":{"line":59,"column":9}},"20":{"start":{"line":61,"column":8},"end":{"line":63,"column":9}},"21":{"start":{"line":62,"column":10},"end":{"line":62,"column":76}},"22":{"start":{"line":64,"column":8},"end":{"line":64,"column":14}},"23":{"start":{"line":66,"column":8},"end":{"line":75,"column":12}},"24":{"start":{"line":72,"column":10},"end":{"line":75,"column":12}},"25":{"start":{"line":76,"column":8},"end":{"line":76,"column":14}},"26":{"start":{"line":79,"column":4},"end":{"line":79,"column":48}},"27":{"start":{"line":80,"column":4},"end":{"line":80,"column":42}},"28":{"start":{"line":82,"column":2},"end":{"line":82,"column":15}}},"fnMap":{"0":{"name":"(anonymous_0)","decl":{"start":{"line":18,"column":18},"end":{"line":18,"column":19}},"loc":{"start":{"line":18,"column":44},"end":{"line":83,"column":1}},"line":18}},"branchMap":{"0":{"loc":{"start":{"line":20,"column":2},"end":{"line":21,"column":62}},"type":"if","locations":[{"start":{"line":20,"column":2},"end":{"line":21,"column":62}},{"start":{},"end":{}}],"line":20},"1":{"loc":{"start":{"line":22,"column":2},"end":{"line":42,"column":6}},"type":"if","locations":[{"start":{"line":22,"column":2},"end":{"line":42,"column":6}},{"start":{"line":33,"column":9},"end":{"line":42,"column":6}}],"line":22},"2":{"loc":{"start":{"line":23,"column":4},"end":{"line":32,"column":8}},"type":"if","locations":[{"start":{"line":23,"column":4},"end":{"line":32,"column":8}},{"start":{},"end":{}}],"line":23},"3":{"loc":{"start":{"line":33,"column":9},"end":{"line":42,"column":6}},"type":"if","locations":[{"start":{"line":33,"column":9},"end":{"line":42,"column":6}},{"start":{},"end":{}}],"line":33},"4":{"loc":{"start":{"line":47,"column":4},"end":{"line":77,"column":5}},"type":"switch","locations":[{"start":{"line":48,"column":6},"end":{"line":54,"column":14}},{"start":{"line":55,"column":6},"end":{"line":64,"column":14}},{"start":{"line":65,"column":6},"end":{"line":76,"column":14}}],"line":47},"5":{"loc":{"start":{"line":49,"column":8},"end":{"line":53,"column":9}},"type":"if","locations":[{"start":{"line":49,"column":8},"end":{"line":53,"column":9}},{"start":{},"end":{}}],"line":49},"6":{"loc":{"start":{"line":61,"column":8},"end":{"line":63,"column":9}},"type":"if","locations":[{"start":{"line":61,"column":8},"end":{"line":63,"column":9}},{"start":{},"end":{}}],"line":61},"7":{"loc":{"start":{"line":66,"column":8},"end":{"line":75,"column":12}},"type":"if","locations":[{"start":{"line":66,"column":8},"end":{"line":75,"column":12}},{"start":{},"end":{}}],"line":66}},"s":{"0":1,"1":1,"2":1,"3":1,"4":7,"5":7,"6":1,"7":6,"8":0,"9":0,"10":6,"11":1,"12":3,"13":3,"14":3,"15":3,"16":1,"17":1,"18":0,"19":1,"20":1,"21":1,"22":0,"23":1,"24":1,"25":0,"26":3,"27":3,"28":0},"f":{"0":7},"b":{"0":[1,6],"1":[0,6],"2":[0,0],"3":[1,3],"4":[1,1,1],"5":[1,0],"6":[1,0],"7":[1,0]},"_coverageSchema":"1a1c01bbd47fc00a2c39e90264f33305004495a9","hash":"27e8e61e5a710ed371496ca04a202327a213f81e"}
,"/Users/bandisa/dev/Pronto/amplify/backend/function/prontoAuthPreSignup/src/isAppClientValid.js": {"path":"/Users/bandisa/dev/Pronto/amplify/backend/function/prontoAuthPreSignup/src/isAppClientValid.js","statementMap":{"0":{"start":{"line":1,"column":14},"end":{"line":1,"column":35}},"1":{"start":{"line":3,"column":2},"end":{"line":4,"column":41}},"2":{"start":{"line":4,"column":4},"end":{"line":4,"column":41}},"3":{"start":{"line":5,"column":2},"end":{"line":14,"column":3}},"4":{"start":{"line":7,"column":6},"end":{"line":7,"column":60}},"5":{"start":{"line":9,"column":6},"end":{"line":9,"column":36}},"6":{"start":{"line":11,"column":6},"end":{"line":13,"column":8}},"7":{"start":{"line":16,"column":0},"end":{"line":16,"column":34}}},"fnMap":{"0":{"name":"isAppClientValid","decl":{"start":{"line":2,"column":9},"end":{"line":2,"column":25}},"loc":{"start":{"line":2,"column":42},"end":{"line":15,"column":1}},"line":2}},"branchMap":{"0":{"loc":{"start":{"line":3,"column":2},"end":{"line":4,"column":41}},"type":"if","locations":[{"start":{"line":3,"column":2},"end":{"line":4,"column":41}},{"start":{},"end":{}}],"line":3},"1":{"loc":{"start":{"line":5,"column":2},"end":{"line":14,"column":3}},"type":"switch","locations":[{"start":{"line":6,"column":4},"end":{"line":7,"column":60}},{"start":{"line":8,"column":4},"end":{"line":9,"column":36}},{"start":{"line":10,"column":4},"end":{"line":13,"column":8}}],"line":5},"2":{"loc":{"start":{"line":7,"column":13},"end":{"line":7,"column":59}},"type":"binary-expr","locations":[{"start":{"line":7,"column":13},"end":{"line":7,"column":35}},{"start":{"line":7,"column":39},"end":{"line":7,"column":59}}],"line":7}},"s":{"0":1,"1":6,"2":1,"3":5,"4":2,"5":2,"6":1,"7":1},"f":{"0":6},"b":{"0":[1,5],"1":[2,2,1],"2":[2,1]},"_coverageSchema":"1a1c01bbd47fc00a2c39e90264f33305004495a9","hash":"bac3b029726ead2574c5de2758528632a662209f"}
,"/Users/bandisa/dev/Pronto/amplify/backend/function/prontoAuthPreSignup/src/roles.js": {"path":"/Users/bandisa/dev/Pronto/amplify/backend/function/prontoAuthPreSignup/src/roles.js","statementMap":{"0":{"start":{"line":1,"column":14},"end":{"line":6,"column":1}},"1":{"start":{"line":7,"column":0},"end":{"line":7,"column":23}}},"fnMap":{},"branchMap":{},"s":{"0":1,"1":1},"f":{},"b":{},"_coverageSchema":"1a1c01bbd47fc00a2c39e90264f33305004495a9","hash":"726b8182bb2f6658844f3d3249b0d283a8118821"}
}
