TN:
SF:function/prontoAuthPostConfirmation/src/add-institution-attribute.js
FN:12,(anonymous_0)
FNF:1
FNH:1
FNDA:3,(anonymous_0)
DA:4,2
DA:6,2
DA:10,2
DA:12,2
DA:13,3
DA:15,3
DA:16,3
DA:17,1
DA:18,1
DA:29,1
DA:33,1
DA:36,1
DA:37,1
DA:38,1
DA:40,0
DA:43,0
DA:48,0
LF:17
LH:14
BRDA:16,0,0,2
BRDA:16,0,1,1
BRDA:38,1,0,1
BRDA:38,1,1,0
BRF:4
BRH:3
end_of_record
TN:
SF:function/prontoAuthPostConfirmation/src/add-to-group.js
FN:18,(anonymous_0)
FNF:1
FNH:1
FNDA:12,(anonymous_0)
DA:4,2
DA:5,2
DA:7,2
DA:11,2
DA:18,2
DA:19,12
DA:20,12
DA:24,3
DA:25,9
DA:28,8
DA:30,3
DA:31,1
DA:34,2
DA:35,2
DA:37,4
DA:38,1
DA:41,3
DA:45,3
DA:47,1
DA:50,1
DA:54,5
DA:59,5
DA:60,5
DA:61,5
DA:65,0
DA:70,0
DA:73,4
LF:27
LH:25
BRDA:20,0,0,3
BRDA:20,0,1,9
BRDA:21,1,0,12
BRDA:21,1,1,11
BRDA:25,2,0,1
BRDA:25,2,1,8
BRDA:28,3,0,3
BRDA:28,3,1,4
BRDA:28,3,2,1
BRDA:30,4,0,1
BRDA:30,4,1,2
BRDA:37,5,0,1
BRDA:37,5,1,3
BRDA:42,6,0,2
BRDA:42,6,1,1
BRF:15
BRH:15
end_of_record
TN:
SF:function/prontoAuthPostConfirmation/src/index.js
FN:22,(anonymous_0)
FN:31,(anonymous_1)
FN:37,(anonymous_2)
FNF:3
FNH:3
FNDA:2,(anonymous_0)
FNDA:1,(anonymous_1)
FNDA:2,(anonymous_2)
DA:18,1
DA:22,2
DA:31,1
DA:37,2
DA:38,0
LF:5
LH:4
BRF:0
BRH:0
end_of_record
TN:
SF:function/prontoAuthPostConfirmation/src/roles.js
FNF:0
FNH:0
DA:1,2
DA:6,2
LF:2
LH:2
BRF:0
BRH:0
end_of_record
TN:
SF:function/prontoAuthPreAuthentication/src/index.js
FN:15,(anonymous_0)
FNF:1
FNH:1
FNDA:5,(anonymous_0)
DA:8,1
DA:9,1
DA:10,1
DA:15,1
DA:16,5
DA:17,5
DA:18,1
DA:19,4
DA:23,1
DA:24,3
DA:30,1
DA:34,2
DA:35,2
DA:42,1
DA:48,1
DA:49,1
DA:51,1
LF:17
LH:17
BRDA:17,0,0,1
BRDA:17,0,1,4
BRDA:19,1,0,1
BRDA:19,1,1,3
BRDA:20,2,0,4
BRDA:20,2,1,3
BRDA:24,3,0,1
BRDA:24,3,1,2
BRDA:35,4,0,1
BRDA:35,4,1,1
BRDA:36,5,0,2
BRDA:36,5,1,1
BRF:12
BRH:12
end_of_record
TN:
SF:function/prontoAuthPreAuthentication/src/roles.js
FNF:0
FNH:0
DA:1,2
DA:7,2
LF:2
LH:2
BRF:0
BRH:0
end_of_record
TN:
SF:function/prontoAuthPreAuthentication/src/helpers/assertInstitutionInfo.js
FN:13,(anonymous_0)
FN:18,(anonymous_1)
FN:68,(anonymous_2)
FN:91,(anonymous_3)
FNF:4
FNH:3
FNDA:2,(anonymous_0)
FNDA:1,(anonymous_1)
FNDA:2,(anonymous_2)
FNDA:0,(anonymous_3)
DA:1,1
DA:2,1
DA:3,1
DA:4,1
DA:13,1
DA:14,2
DA:15,2
DA:18,1
DA:19,1
DA:20,0
DA:21,1
DA:27,0
DA:28,1
DA:42,1
DA:46,1
DA:55,1
DA:56,1
DA:57,1
DA:58,0
DA:59,0
DA:60,0
DA:61,0
DA:63,1
DA:64,1
DA:68,1
DA:69,2
DA:70,1
DA:71,1
DA:72,1
DA:73,0
DA:74,0
DA:76,0
DA:77,0
DA:80,0
DA:86,0
DA:87,0
DA:90,0
DA:91,0
DA:94,0
DA:96,0
DA:99,1
DA:101,1
DA:105,1
LF:43
LH:26
BRDA:19,0,0,0
BRDA:19,0,1,1
BRDA:19,1,0,1
BRDA:19,1,1,1
BRDA:21,2,0,0
BRDA:21,2,1,1
BRDA:22,3,0,1
BRDA:22,3,1,0
BRDA:22,3,2,1
BRDA:22,3,3,0
BRDA:60,4,0,0
BRDA:60,4,1,0
BRDA:69,5,0,1
BRDA:69,5,1,1
BRDA:69,6,0,2
BRDA:69,6,1,1
BRDA:69,6,2,1
BRDA:73,7,0,0
BRDA:73,7,1,0
BRDA:74,8,0,0
BRDA:74,8,1,0
BRDA:74,8,2,0
BRDA:74,8,3,0
BRDA:76,9,0,0
BRDA:76,9,1,0
BRDA:81,10,0,0
BRDA:81,10,1,0
BRDA:81,10,2,0
BRDA:86,11,0,0
BRDA:86,11,1,0
BRF:30
BRH:11
end_of_record
TN:
SF:function/prontoAuthPreAuthentication/src/helpers/isAppClientValid.js
FN:2,isAppClientValid
FNF:1
FNH:1
FNDA:3,isAppClientValid
DA:1,1
DA:3,3
DA:4,0
DA:5,3
DA:7,3
DA:11,0
DA:13,0
DA:18,1
LF:8
LH:5
BRDA:3,0,0,0
BRDA:3,0,1,3
BRDA:5,1,0,3
BRDA:5,1,1,0
BRDA:5,1,2,0
BRDA:8,2,0,3
BRDA:8,2,1,3
BRDA:8,2,2,1
BRF:8
BRH:5
end_of_record
TN:
SF:function/prontoAuthPreSignup/src/assertInstitutionInfo.js
FN:8,(anonymous_0)
FN:51,(anonymous_1)
FN:61,(anonymous_2)
FN:71,(anonymous_3)
FN:81,(anonymous_4)
FN:96,(anonymous_5)
FN:106,(anonymous_6)
FNF:7
FNH:7
FNDA:13,(anonymous_0)
FNDA:5,(anonymous_1)
FNDA:3,(anonymous_2)
FNDA:3,(anonymous_3)
FNDA:4,(anonymous_4)
FNDA:2,(anonymous_5)
FNDA:2,(anonymous_6)
DA:1,1
DA:2,1
DA:3,1
DA:8,1
DA:9,13
DA:10,1
DA:11,12
DA:12,2
DA:13,10
DA:14,10
DA:24,10
DA:27,10
DA:35,10
DA:39,10
DA:40,10
DA:41,2
DA:42,2
DA:43,2
DA:44,1
DA:46,9
DA:47,9
DA:51,1
DA:52,5
DA:53,5
DA:54,1
DA:56,4
DA:57,4
DA:61,1
DA:62,3
DA:63,3
DA:64,1
DA:66,2
DA:67,2
DA:71,1
DA:72,3
DA:73,3
DA:74,1
DA:76,2
DA:77,2
DA:81,1
DA:82,4
DA:83,3
DA:84,3
DA:85,1
DA:86,0
DA:89,1
DA:91,2
DA:92,2
DA:96,1
DA:97,2
DA:98,2
DA:99,1
DA:101,1
DA:102,1
DA:106,1
DA:110,2
DA:111,2
DA:112,1
DA:113,0
DA:116,1
DA:117,1
DA:121,1
DA:122,1
DA:126,1
LF:64
LH:62
BRDA:9,0,0,1
BRDA:9,0,1,12
BRDA:11,1,0,2
BRDA:11,1,1,10
BRDA:11,2,0,12
BRDA:11,2,1,2
BRDA:43,3,0,1
BRDA:43,3,1,1
BRDA:82,4,0,1
BRDA:82,4,1,3
BRDA:85,5,0,0
BRDA:85,5,1,1
BRDA:112,6,0,0
BRDA:112,6,1,1
BRF:14
BRH:12
end_of_record
TN:
SF:function/prontoAuthPreSignup/src/index.js
FN:18,(anonymous_0)
FNF:1
FNH:1
FNDA:7,(anonymous_0)
DA:8,1
DA:13,1
DA:14,1
DA:18,1
DA:19,7
DA:20,7
DA:21,1
DA:22,6
DA:23,0
DA:29,0
DA:33,6
DA:39,1
DA:44,3
DA:45,3
DA:46,3
DA:47,3
DA:49,1
DA:52,1
DA:54,0
DA:56,1
DA:61,1
DA:62,1
DA:64,0
DA:66,1
DA:72,1
DA:76,0
DA:79,3
DA:80,3
DA:82,0
LF:29
LH:23
BRDA:20,0,0,1
BRDA:20,0,1,6
BRDA:22,1,0,0
BRDA:22,1,1,6
BRDA:23,2,0,0
BRDA:23,2,1,0
BRDA:33,3,0,1
BRDA:33,3,1,3
BRDA:47,4,0,1
BRDA:47,4,1,1
BRDA:47,4,2,1
BRDA:49,5,0,1
BRDA:49,5,1,0
BRDA:61,6,0,1
BRDA:61,6,1,0
BRDA:66,7,0,1
BRDA:66,7,1,0
BRF:17
BRH:11
end_of_record
TN:
SF:function/prontoAuthPreSignup/src/isAppClientValid.js
FN:2,isAppClientValid
FNF:1
FNH:1
FNDA:6,isAppClientValid
DA:1,1
DA:3,6
DA:4,1
DA:5,5
DA:7,2
DA:9,2
DA:11,1
DA:16,1
LF:8
LH:8
BRDA:3,0,0,1
BRDA:3,0,1,5
BRDA:5,1,0,2
BRDA:5,1,1,2
BRDA:5,1,2,1
BRDA:7,2,0,2
BRDA:7,2,1,1
BRF:7
BRH:7
end_of_record
TN:
SF:function/prontoAuthPreSignup/src/roles.js
FNF:0
FNH:0
DA:1,1
DA:7,1
LF:2
LH:2
BRF:0
BRH:0
end_of_record
