{"C:\\Users\\jonel\\OneDrive\\Documents\\GitHub\\Pronto\\components\\NotificationList.js": {"path":"C:\\Users\\jonel\\OneDrive\\Documents\\GitHub\\Pronto\\components\\NotificationList.js","statementMap":{"0":{"start":{"line":6,"column":25},"end":{"line":207,"column":1}},"1":{"start":{"line":7,"column":36},"end":{"line":7,"column":51}},"2":{"start":{"line":8,"column":36},"end":{"line":8,"column":51}},"3":{"start":{"line":9,"column":36},"end":{"line":9,"column":50}},"4":{"start":{"line":11,"column":23},"end":{"line":11,"column":53}},"5":{"start":{"line":11,"column":29},"end":{"line":11,"column":53}},"6":{"start":{"line":12,"column":23},"end":{"line":12,"column":53}},"7":{"start":{"line":12,"column":29},"end":{"line":12,"column":53}},"8":{"start":{"line":13,"column":23},"end":{"line":13,"column":53}},"9":{"start":{"line":13,"column":29},"end":{"line":13,"column":53}},"10":{"start":{"line":15,"column":26},"end":{"line":17,"column":3}},"11":{"start":{"line":16,"column":4},"end":{"line":16,"column":27}},"12":{"start":{"line":19,"column":2},"end":{"line":206,"column":4}},"13":{"start":{"line":26,"column":12},"end":{"line":26,"column":65}},"14":{"start":{"line":63,"column":12},"end":{"line":63,"column":65}},"15":{"start":{"line":86,"column":12},"end":{"line":86,"column":65}},"16":{"start":{"line":122,"column":22},"end":{"line":127,"column":24}},"17":{"start":{"line":145,"column":22},"end":{"line":150,"column":24}},"18":{"start":{"line":168,"column":22},"end":{"line":173,"column":24}},"19":{"start":{"line":191,"column":22},"end":{"line":196,"column":24}}},"fnMap":{"0":{"name":"(anonymous_0)","decl":{"start":{"line":6,"column":25},"end":{"line":6,"column":26}},"loc":{"start":{"line":6,"column":31},"end":{"line":207,"column":1}},"line":6},"1":{"name":"(anonymous_1)","decl":{"start":{"line":11,"column":23},"end":{"line":11,"column":24}},"loc":{"start":{"line":11,"column":29},"end":{"line":11,"column":53}},"line":11},"2":{"name":"(anonymous_2)","decl":{"start":{"line":12,"column":23},"end":{"line":12,"column":24}},"loc":{"start":{"line":12,"column":29},"end":{"line":12,"column":53}},"line":12},"3":{"name":"(anonymous_3)","decl":{"start":{"line":13,"column":23},"end":{"line":13,"column":24}},"loc":{"start":{"line":13,"column":29},"end":{"line":13,"column":53}},"line":13},"4":{"name":"(anonymous_4)","decl":{"start":{"line":15,"column":26},"end":{"line":15,"column":27}},"loc":{"start":{"line":15,"column":32},"end":{"line":17,"column":3}},"line":15},"5":{"name":"(anonymous_5)","decl":{"start":{"line":25,"column":16},"end":{"line":25,"column":17}},"loc":{"start":{"line":26,"column":12},"end":{"line":26,"column":65}},"line":26},"6":{"name":"(anonymous_6)","decl":{"start":{"line":62,"column":16},"end":{"line":62,"column":17}},"loc":{"start":{"line":63,"column":12},"end":{"line":63,"column":65}},"line":63},"7":{"name":"(anonymous_7)","decl":{"start":{"line":85,"column":16},"end":{"line":85,"column":17}},"loc":{"start":{"line":86,"column":12},"end":{"line":86,"column":65}},"line":86},"8":{"name":"(anonymous_8)","decl":{"start":{"line":121,"column":26},"end":{"line":121,"column":27}},"loc":{"start":{"line":122,"column":22},"end":{"line":127,"column":24}},"line":122},"9":{"name":"(anonymous_9)","decl":{"start":{"line":144,"column":26},"end":{"line":144,"column":27}},"loc":{"start":{"line":145,"column":22},"end":{"line":150,"column":24}},"line":145},"10":{"name":"(anonymous_10)","decl":{"start":{"line":167,"column":26},"end":{"line":167,"column":27}},"loc":{"start":{"line":168,"column":22},"end":{"line":173,"column":24}},"line":168},"11":{"name":"(anonymous_11)","decl":{"start":{"line":190,"column":26},"end":{"line":190,"column":27}},"loc":{"start":{"line":191,"column":22},"end":{"line":196,"column":24}},"line":191}},"branchMap":{},"s":{"0":1,"1":9,"2":9,"3":9,"4":9,"5":2,"6":9,"7":2,"8":9,"9":1,"10":9,"11":0,"12":9,"13":9,"14":9,"15":9,"16":9,"17":9,"18":9,"19":9},"f":{"0":9,"1":2,"2":2,"3":1,"4":0,"5":9,"6":9,"7":9,"8":9,"9":9,"10":9,"11":9},"b":{},"_coverageSchema":"1a1c01bbd47fc00a2c39e90264f33305004495a9","hash":"00be7c456aee5ae1ef18e49f0c230237997b34a0"}
,"C:\\Users\\jonel\\OneDrive\\Documents\\GitHub\\Pronto\\components\\SearchFilter.js": {"path":"C:\\Users\\jonel\\OneDrive\\Documents\\GitHub\\Pronto\\components\\SearchFilter.js","statementMap":{"0":{"start":{"line":5,"column":21},"end":{"line":48,"column":1}},"1":{"start":{"line":6,"column":2},"end":{"line":47,"column":4}},"2":{"start":{"line":11,"column":10},"end":{"line":43,"column":11}},"3":{"start":{"line":15,"column":12},"end":{"line":42,"column":14}},"4":{"start":{"line":19,"column":33},"end":{"line":19,"column":51}},"5":{"start":{"line":52,"column":15},"end":{"line":52,"column":36}}},"fnMap":{"0":{"name":"(anonymous_0)","decl":{"start":{"line":5,"column":21},"end":{"line":5,"column":22}},"loc":{"start":{"line":5,"column":66},"end":{"line":48,"column":1}},"line":5},"1":{"name":"(anonymous_1)","decl":{"start":{"line":10,"column":20},"end":{"line":10,"column":21}},"loc":{"start":{"line":10,"column":34},"end":{"line":44,"column":9}},"line":10},"2":{"name":"(anonymous_2)","decl":{"start":{"line":19,"column":27},"end":{"line":19,"column":28}},"loc":{"start":{"line":19,"column":33},"end":{"line":19,"column":51}},"line":19}},"branchMap":{"0":{"loc":{"start":{"line":11,"column":10},"end":{"line":43,"column":11}},"type":"if","locations":[{"start":{"line":11,"column":10},"end":{"line":43,"column":11}},{"start":{},"end":{}}],"line":11},"1":{"loc":{"start":{"line":12,"column":12},"end":{"line":13,"column":23}},"type":"binary-expr","locations":[{"start":{"line":12,"column":12},"end":{"line":12,"column":65}},{"start":{"line":13,"column":12},"end":{"line":13,"column":23}}],"line":12}},"s":{"0":1,"1":3,"2":9,"3":2,"4":1,"5":1},"f":{"0":3,"1":9,"2":1},"b":{"0":[2,7],"1":[9,5]},"_coverageSchema":"1a1c01bbd47fc00a2c39e90264f33305004495a9","hash":"c2320415b7c9410764b0a5d72c83cee314fefedb"}
,"C:\\Users\\jonel\\OneDrive\\Documents\\GitHub\\Pronto\\components\\SettingsComponent.js": {"path":"C:\\Users\\jonel\\OneDrive\\Documents\\GitHub\\Pronto\\components\\SettingsComponent.js","statementMap":{"0":{"start":{"line":6,"column":26},"end":{"line":64,"column":1}},"1":{"start":{"line":7,"column":2},"end":{"line":63,"column":4}},"2":{"start":{"line":11,"column":10},"end":{"line":42,"column":29}}},"fnMap":{"0":{"name":"(anonymous_0)","decl":{"start":{"line":6,"column":26},"end":{"line":6,"column":27}},"loc":{"start":{"line":6,"column":51},"end":{"line":64,"column":1}},"line":6},"1":{"name":"(anonymous_1)","decl":{"start":{"line":10,"column":29},"end":{"line":10,"column":30}},"loc":{"start":{"line":11,"column":10},"end":{"line":42,"column":29}},"line":11}},"branchMap":{"0":{"loc":{"start":{"line":27,"column":15},"end":{"line":38,"column":15}},"type":"binary-expr","locations":[{"start":{"line":27,"column":15},"end":{"line":27,"column":23}},{"start":{"line":28,"column":16},"end":{"line":37,"column":23}}],"line":27}},"s":{"0":1,"1":4,"2":8},"f":{"0":4,"1":8},"b":{"0":[8,8]},"_coverageSchema":"1a1c01bbd47fc00a2c39e90264f33305004495a9","hash":"d65f7480cc4a994670e7cd793620206a1e21e7bb"}
}
