TN:
SF:components\NotificationList.js
FN:6,(anonymous_0)
FN:11,(anonymous_1)
FN:12,(anonymous_2)
FN:13,(anonymous_3)
FN:15,(anonymous_4)
FN:25,(anonymous_5)
FN:62,(anonymous_6)
FN:85,(anonymous_7)
FN:121,(anonymous_8)
FN:144,(anonymous_9)
FN:167,(anonymous_10)
FN:190,(anonymous_11)
FNF:12
FNH:11
FNDA:9,(anonymous_0)
FNDA:2,(anonymous_1)
FNDA:2,(anonymous_2)
FNDA:1,(anonymous_3)
FNDA:0,(anonymous_4)
FNDA:9,(anonymous_5)
FNDA:9,(anonymous_6)
FNDA:9,(anonymous_7)
FNDA:9,(anonymous_8)
FNDA:9,(anonymous_9)
FNDA:9,(anonymous_10)
FNDA:9,(anonymous_11)
DA:6,1
DA:7,9
DA:8,9
DA:9,9
DA:11,9
DA:12,9
DA:13,9
DA:15,9
DA:16,0
DA:19,9
DA:26,9
DA:63,9
DA:86,9
DA:122,9
DA:145,9
DA:168,9
DA:191,9
LF:17
LH:16
BRF:0
BRH:0
end_of_record
TN:
SF:components\SearchFilter.js
FN:5,(anonymous_0)
FN:10,(anonymous_1)
FN:19,(anonymous_2)
FNF:3
FNH:3
FNDA:3,(anonymous_0)
FNDA:9,(anonymous_1)
FNDA:1,(anonymous_2)
DA:5,1
DA:6,3
DA:11,9
DA:15,2
DA:19,1
DA:52,1
LF:6
LH:6
BRDA:11,0,0,2
BRDA:11,0,1,7
BRDA:12,1,0,9
BRDA:12,1,1,5
BRF:4
BRH:4
end_of_record
TN:
SF:components\SettingsComponent.js
FN:6,(anonymous_0)
FN:10,(anonymous_1)
FNF:2
FNH:2
FNDA:4,(anonymous_0)
FNDA:8,(anonymous_1)
DA:6,1
DA:7,4
DA:11,8
LF:3
LH:3
BRDA:27,0,0,8
BRDA:27,0,1,8
BRF:2
BRH:2
end_of_record
